<?xml version="1.0" encoding="UTF-8"?>
<coverage generated="1772344597886" clover="3.2.0">
  <project timestamp="1772344597886" name="All files">
    <metrics statements="374" coveredstatements="374" conditionals="180" coveredconditionals="180" methods="48" coveredmethods="48" elements="602" coveredelements="602" complexity="0" loc="374" ncloc="374" packages="1" files="12" classes="12"/>
    <file name="chinese-zodiac.ts" path="/Users/4n6h4x0r/src/stembranch/src/chinese-zodiac.ts">
      <metrics statements="68" coveredstatements="68" conditionals="16" coveredconditionals="16" methods="7" coveredmethods="7"/>
      <line num="3" count="1" type="stmt"/>
      <line num="4" count="1" type="stmt"/>
      <line num="7" count="1" type="stmt"/>
      <line num="8" count="1" type="stmt"/>
      <line num="9" count="1" type="stmt"/>
      <line num="10" count="1" type="stmt"/>
      <line num="13" count="1" type="stmt"/>
      <line num="14" count="1" type="stmt"/>
      <line num="15" count="1" type="stmt"/>
      <line num="16" count="1" type="stmt"/>
      <line num="17" count="1" type="stmt"/>
      <line num="20" count="1" type="cond" truecount="1" falsecount="0"/>
      <line num="21" count="3" type="stmt"/>
      <line num="22" count="3" type="stmt"/>
      <line num="25" count="1" type="cond" truecount="1" falsecount="0"/>
      <line num="26" count="2" type="stmt"/>
      <line num="27" count="2" type="stmt"/>
      <line num="36" count="1" type="cond" truecount="1" falsecount="0"/>
      <line num="37" count="5" type="stmt"/>
      <line num="38" count="5" type="stmt"/>
      <line num="39" count="5" type="cond" truecount="2" falsecount="0"/>
      <line num="40" count="5" type="stmt"/>
      <line num="41" count="5" type="stmt"/>
      <line num="42" count="5" type="stmt"/>
      <line num="44" count="5" type="stmt"/>
      <line num="45" count="5" type="stmt"/>
      <line num="57" count="1" type="cond" truecount="1" falsecount="0"/>
      <line num="58" count="6" type="stmt"/>
      <line num="59" count="6" type="stmt"/>
      <line num="60" count="6" type="cond" truecount="2" falsecount="0"/>
      <line num="61" count="6" type="stmt"/>
      <line num="62" count="6" type="stmt"/>
      <line num="63" count="6" type="stmt"/>
      <line num="65" count="6" type="stmt"/>
      <line num="66" count="6" type="stmt"/>
      <line num="76" count="1" type="cond" truecount="1" falsecount="0"/>
      <line num="77" count="3" type="stmt"/>
      <line num="78" count="3" type="stmt"/>
      <line num="79" count="3" type="stmt"/>
      <line num="80" count="3" type="cond" truecount="1" falsecount="0"/>
      <line num="81" count="1" type="cond" truecount="1" falsecount="0"/>
      <line num="82" count="2" type="stmt"/>
      <line num="83" count="3" type="stmt"/>
      <line num="89" count="1" type="stmt"/>
      <line num="92" count="1" type="stmt"/>
      <line num="93" count="1" type="stmt"/>
      <line num="94" count="1" type="stmt"/>
      <line num="95" count="1" type="stmt"/>
      <line num="96" count="1" type="stmt"/>
      <line num="97" count="1" type="stmt"/>
      <line num="98" count="1" type="stmt"/>
      <line num="99" count="1" type="stmt"/>
      <line num="101" count="1" type="stmt"/>
      <line num="102" count="1" type="stmt"/>
      <line num="103" count="1" type="stmt"/>
      <line num="104" count="1" type="stmt"/>
      <line num="105" count="1" type="stmt"/>
      <line num="106" count="1" type="stmt"/>
      <line num="107" count="1" type="stmt"/>
      <line num="108" count="1" type="stmt"/>
      <line num="109" count="1" type="stmt"/>
      <line num="111" count="6" type="cond" truecount="1" falsecount="0"/>
      <line num="112" count="6" type="stmt"/>
      <line num="113" count="6" type="cond" truecount="1" falsecount="0"/>
      <line num="114" count="4" type="stmt"/>
      <line num="115" count="4" type="cond" truecount="1" falsecount="0"/>
      <line num="118" count="2" type="stmt"/>
      <line num="119" count="2" type="stmt"/>
    </file>
    <file name="dizhi-relations.ts" path="/Users/4n6h4x0r/src/stembranch/src/dizhi-relations.ts">
      <metrics statements="26" coveredstatements="26" conditionals="20" coveredconditionals="20" methods="4" coveredmethods="4"/>
      <line num="3" count="1" type="stmt"/>
      <line num="4" count="1" type="stmt"/>
      <line num="7" count="1" type="stmt"/>
      <line num="8" count="1" type="stmt"/>
      <line num="9" count="1" type="stmt"/>
      <line num="10" count="1" type="stmt"/>
      <line num="13" count="1" type="stmt"/>
      <line num="14" count="1" type="stmt"/>
      <line num="15" count="1" type="stmt"/>
      <line num="16" count="1" type="stmt"/>
      <line num="19" count="1" type="cond" truecount="1" falsecount="0"/>
      <line num="20" count="12" type="cond" truecount="4" falsecount="0"/>
      <line num="21" count="12" type="stmt"/>
      <line num="24" count="1" type="cond" truecount="1" falsecount="0"/>
      <line num="25" count="9" type="cond" truecount="4" falsecount="0"/>
      <line num="26" count="9" type="stmt"/>
      <line num="32" count="1" type="cond" truecount="1" falsecount="0"/>
      <line num="33" count="5" type="cond" truecount="2" falsecount="0"/>
      <line num="34" count="5" type="cond" truecount="2" falsecount="0"/>
      <line num="35" count="3" type="stmt"/>
      <line num="36" count="3" type="stmt"/>
      <line num="37" count="3" type="stmt"/>
      <line num="38" count="5" type="cond" truecount="2" falsecount="0"/>
      <line num="39" count="5" type="cond" truecount="1" falsecount="0"/>
      <line num="40" count="1" type="stmt"/>
      <line num="41" count="1" type="stmt"/>
    </file>
    <file name="dizhi.ts" path="/Users/4n6h4x0r/src/stembranch/src/dizhi.ts">
      <metrics statements="18" coveredstatements="18" conditionals="10" coveredconditionals="10" methods="5" coveredmethods="5"/>
      <line num="5" count="1" type="stmt"/>
      <line num="8" count="1" type="stmt"/>
      <line num="9" count="1" type="stmt"/>
      <line num="10" count="1" type="stmt"/>
      <line num="11" count="1" type="stmt"/>
      <line num="14" count="1" type="cond" truecount="1" falsecount="0"/>
      <line num="15" count="12" type="cond" truecount="2" falsecount="0"/>
      <line num="16" count="12" type="stmt"/>
      <line num="19" count="1" type="cond" truecount="1" falsecount="0"/>
      <line num="20" count="260" type="stmt"/>
      <line num="21" count="260" type="stmt"/>
      <line num="24" count="1" type="cond" truecount="1" falsecount="0"/>
      <line num="25" count="8" type="cond" truecount="2" falsecount="0"/>
      <line num="26" count="7" type="stmt"/>
      <line num="27" count="7" type="stmt"/>
      <line num="30" count="1" type="cond" truecount="1" falsecount="0"/>
      <line num="31" count="4" type="stmt"/>
      <line num="32" count="4" type="stmt"/>
    </file>
    <file name="four-pillars.ts" path="/Users/4n6h4x0r/src/stembranch/src/four-pillars.ts">
      <metrics statements="70" coveredstatements="70" conditionals="49" coveredconditionals="49" methods="4" coveredmethods="4"/>
      <line num="3" count="1" type="stmt"/>
      <line num="4" count="1" type="stmt"/>
      <line num="5" count="1" type="stmt"/>
      <line num="10" count="32" type="cond" truecount="1" falsecount="0"/>
      <line num="11" count="32" type="stmt"/>
      <line num="12" count="32" type="stmt"/>
      <line num="18" count="18" type="cond" truecount="1" falsecount="0"/>
      <line num="19" count="18" type="stmt"/>
      <line num="20" count="18" type="cond" truecount="3" falsecount="0"/>
      <line num="21" count="18" type="cond" truecount="3" falsecount="0"/>
      <line num="22" count="18" type="cond" truecount="3" falsecount="0"/>
      <line num="23" count="18" type="cond" truecount="3" falsecount="0"/>
      <line num="24" count="18" type="cond" truecount="3" falsecount="0"/>
      <line num="25" count="18" type="cond" truecount="3" falsecount="0"/>
      <line num="26" count="18" type="cond" truecount="3" falsecount="0"/>
      <line num="27" count="18" type="cond" truecount="3" falsecount="0"/>
      <line num="28" count="18" type="cond" truecount="3" falsecount="0"/>
      <line num="29" count="18" type="cond" truecount="3" falsecount="0"/>
      <line num="30" count="18" type="cond" truecount="2" falsecount="0"/>
      <line num="31" count="18" type="cond" truecount="2" falsecount="0"/>
      <line num="32" count="2" type="stmt"/>
      <line num="33" count="2" type="stmt"/>
      <line num="58" count="1" type="cond" truecount="1" falsecount="0"/>
      <line num="59" count="32" type="stmt"/>
      <line num="61" count="32" type="stmt"/>
      <line num="62" count="32" type="stmt"/>
      <line num="63" count="32" type="stmt"/>
      <line num="64" count="32" type="stmt"/>
      <line num="67" count="32" type="stmt"/>
      <line num="68" count="32" type="cond" truecount="1" falsecount="0"/>
      <line num="69" count="14" type="stmt"/>
      <line num="70" count="14" type="cond" truecount="2" falsecount="0"/>
      <line num="71" count="32" type="cond" truecount="1" falsecount="0"/>
      <line num="72" count="18" type="stmt"/>
      <line num="73" count="18" type="stmt"/>
      <line num="74" count="18" type="cond" truecount="2" falsecount="0"/>
      <line num="75" count="18" type="stmt"/>
      <line num="77" count="32" type="stmt"/>
      <line num="78" count="32" type="stmt"/>
      <line num="81" count="32" type="stmt"/>
      <line num="82" count="32" type="cond" truecount="1" falsecount="0"/>
      <line num="83" count="14" type="stmt"/>
      <line num="84" count="14" type="stmt"/>
      <line num="85" count="32" type="cond" truecount="1" falsecount="0"/>
      <line num="86" count="18" type="stmt"/>
      <line num="87" count="18" type="stmt"/>
      <line num="89" count="32" type="stmt"/>
      <line num="91" count="32" type="stmt"/>
      <line num="92" count="32" type="stmt"/>
      <line num="96" count="32" type="stmt"/>
      <line num="97" count="32" type="stmt"/>
      <line num="98" count="32" type="stmt"/>
      <line num="99" count="32" type="stmt"/>
      <line num="103" count="32" type="stmt"/>
      <line num="104" count="32" type="stmt"/>
      <line num="106" count="32" type="cond" truecount="1" falsecount="0"/>
      <line num="107" count="2" type="stmt"/>
      <line num="108" count="2" type="stmt"/>
      <line num="109" count="32" type="cond" truecount="1" falsecount="0"/>
      <line num="110" count="30" type="stmt"/>
      <line num="111" count="30" type="stmt"/>
      <line num="114" count="32" type="stmt"/>
      <line num="115" count="32" type="stmt"/>
      <line num="117" count="32" type="stmt"/>
      <line num="118" count="32" type="stmt"/>
      <line num="119" count="32" type="stmt"/>
      <line num="120" count="32" type="stmt"/>
      <line num="121" count="32" type="stmt"/>
      <line num="122" count="32" type="stmt"/>
      <line num="123" count="32" type="stmt"/>
    </file>
    <file name="ganzhi.ts" path="/Users/4n6h4x0r/src/stembranch/src/ganzhi.ts">
      <metrics statements="27" coveredstatements="27" conditionals="18" coveredconditionals="18" methods="6" coveredmethods="6"/>
      <line num="3" count="1" type="stmt"/>
      <line num="4" count="1" type="stmt"/>
      <line num="7" count="1" type="cond" truecount="1" falsecount="0"/>
      <line num="8" count="128" type="stmt"/>
      <line num="9" count="128" type="stmt"/>
      <line num="12" count="1" type="cond" truecount="1" falsecount="0"/>
      <line num="13" count="126" type="stmt"/>
      <line num="14" count="126" type="stmt"/>
      <line num="15" count="126" type="stmt"/>
      <line num="16" count="126" type="stmt"/>
      <line num="17" count="126" type="stmt"/>
      <line num="20" count="1" type="cond" truecount="1" falsecount="0"/>
      <line num="21" count="124" type="stmt"/>
      <line num="22" count="124" type="stmt"/>
      <line num="24" count="124" type="cond" truecount="2" falsecount="0"/>
      <line num="26" count="124" type="cond" truecount="1" falsecount="0"/>
      <line num="27" count="218" type="cond" truecount="1" falsecount="0"/>
      <line num="34" count="1" type="cond" truecount="1" falsecount="0"/>
      <line num="35" count="5" type="cond" truecount="2" falsecount="0"/>
      <line num="36" count="3" type="stmt"/>
      <line num="37" count="3" type="stmt"/>
      <line num="38" count="5" type="cond" truecount="3" falsecount="0"/>
      <line num="39" count="2" type="stmt"/>
      <line num="40" count="2" type="stmt"/>
      <line num="43" count="1" type="cond" truecount="1" falsecount="0"/>
      <line num="44" count="2" type="cond" truecount="1" falsecount="0"/>
      <line num="45" count="2" type="stmt"/>
    </file>
    <file name="qi-strength.ts" path="/Users/4n6h4x0r/src/stembranch/src/qi-strength.ts">
      <metrics statements="16" coveredstatements="16" conditionals="13" coveredconditionals="13" methods="2" coveredmethods="2"/>
      <line num="3" count="1" type="stmt"/>
      <line num="4" count="1" type="stmt"/>
      <line num="7" count="1" type="stmt"/>
      <line num="8" count="1" type="stmt"/>
      <line num="9" count="1" type="stmt"/>
      <line num="20" count="1" type="cond" truecount="1" falsecount="0"/>
      <line num="21" count="6" type="stmt"/>
      <line num="22" count="6" type="cond" truecount="2" falsecount="0"/>
      <line num="24" count="5" type="stmt"/>
      <line num="25" count="6" type="cond" truecount="2" falsecount="0"/>
      <line num="26" count="4" type="cond" truecount="2" falsecount="0"/>
      <line num="27" count="3" type="cond" truecount="2" falsecount="0"/>
      <line num="28" count="2" type="cond" truecount="1" falsecount="0"/>
      <line num="29" count="1" type="cond" truecount="1" falsecount="0"/>
      <line num="31" count="5" type="stmt"/>
      <line num="32" count="5" type="stmt"/>
    </file>
    <file name="solar-terms.ts" path="/Users/4n6h4x0r/src/stembranch/src/solar-terms.ts">
      <metrics statements="53" coveredstatements="53" conditionals="18" coveredconditionals="18" methods="7" coveredmethods="7"/>
      <line num="10" count="1" type="stmt"/>
      <line num="11" count="1" type="stmt"/>
      <line num="12" count="1" type="stmt"/>
      <line num="13" count="1" type="stmt"/>
      <line num="14" count="1" type="stmt"/>
      <line num="15" count="1" type="stmt"/>
      <line num="18" count="1" type="stmt"/>
      <line num="19" count="1" type="stmt"/>
      <line num="20" count="1" type="stmt"/>
      <line num="21" count="1" type="stmt"/>
      <line num="22" count="1" type="stmt"/>
      <line num="23" count="1" type="stmt"/>
      <line num="31" count="1" type="stmt"/>
      <line num="33" count="1059" type="cond" truecount="1" falsecount="0"/>
      <line num="34" count="1059" type="stmt"/>
      <line num="35" count="1059" type="stmt"/>
      <line num="46" count="1" type="cond" truecount="1" falsecount="0"/>
      <line num="47" count="1060" type="stmt"/>
      <line num="48" count="1060" type="stmt"/>
      <line num="49" count="1060" type="cond" truecount="1" falsecount="0"/>
      <line num="50" count="1" type="stmt"/>
      <line num="51" count="1" type="cond" truecount="1" falsecount="0"/>
      <line num="52" count="1059" type="stmt"/>
      <line num="53" count="1059" type="stmt"/>
      <line num="59" count="1" type="cond" truecount="1" falsecount="0"/>
      <line num="60" count="43" type="stmt"/>
      <line num="62" count="43" type="cond" truecount="1" falsecount="0"/>
      <line num="63" count="1032" type="stmt"/>
      <line num="64" count="1032" type="stmt"/>
      <line num="67" count="1032" type="cond" truecount="2" falsecount="0"/>
      <line num="68" count="1032" type="stmt"/>
      <line num="69" count="1032" type="stmt"/>
      <line num="70" count="1032" type="stmt"/>
      <line num="72" count="43" type="stmt"/>
      <line num="73" count="43" type="stmt"/>
      <line num="80" count="1" type="cond" truecount="1" falsecount="0"/>
      <line num="81" count="25" type="stmt"/>
      <line num="82" count="25" type="stmt"/>
      <line num="88" count="1" type="cond" truecount="1" falsecount="0"/>
      <line num="89" count="41" type="stmt"/>
      <line num="90" count="41" type="cond" truecount="1" falsecount="0"/>
      <line num="91" count="41" type="stmt"/>
      <line num="99" count="1" type="cond" truecount="1" falsecount="0"/>
      <line num="100" count="20" type="stmt"/>
      <line num="103" count="20" type="stmt"/>
      <line num="104" count="20" type="stmt"/>
      <line num="107" count="20" type="cond" truecount="1" falsecount="0"/>
      <line num="108" count="179" type="cond" truecount="1" falsecount="0"/>
      <line num="110" count="14" type="stmt"/>
      <line num="111" count="14" type="stmt"/>
      <line num="112" count="179" type="cond" truecount="1" falsecount="0"/>
      <line num="117" count="6" type="stmt"/>
      <line num="118" count="6" type="stmt"/>
    </file>
    <file name="tiangan.ts" path="/Users/4n6h4x0r/src/stembranch/src/tiangan.ts">
      <metrics statements="14" coveredstatements="14" conditionals="6" coveredconditionals="6" methods="3" coveredmethods="3"/>
      <line num="5" count="1" type="stmt"/>
      <line num="8" count="1" type="stmt"/>
      <line num="9" count="1" type="stmt"/>
      <line num="10" count="1" type="stmt"/>
      <line num="11" count="1" type="stmt"/>
      <line num="12" count="1" type="stmt"/>
      <line num="13" count="1" type="stmt"/>
      <line num="14" count="1" type="stmt"/>
      <line num="17" count="1" type="cond" truecount="1" falsecount="0"/>
      <line num="18" count="10" type="cond" truecount="2" falsecount="0"/>
      <line num="19" count="10" type="stmt"/>
      <line num="22" count="1" type="cond" truecount="1" falsecount="0"/>
      <line num="23" count="260" type="stmt"/>
      <line num="24" count="260" type="stmt"/>
    </file>
    <file name="true-solar-time.ts" path="/Users/4n6h4x0r/src/stembranch/src/true-solar-time.ts">
      <metrics statements="23" coveredstatements="23" conditionals="5" coveredconditionals="5" methods="3" coveredmethods="3"/>
      <line num="15" count="1" type="cond" truecount="1" falsecount="0"/>
      <line num="16" count="18" type="stmt"/>
      <line num="17" count="18" type="stmt"/>
      <line num="18" count="18" type="stmt"/>
      <line num="22" count="18" type="stmt"/>
      <line num="23" count="18" type="stmt"/>
      <line num="39" count="1" type="cond" truecount="1" falsecount="0"/>
      <line num="40" count="4" type="stmt"/>
      <line num="41" count="4" type="stmt"/>
      <line num="42" count="4" type="stmt"/>
      <line num="43" count="4" type="stmt"/>
      <line num="46" count="4" type="cond" truecount="1" falsecount="0"/>
      <line num="48" count="4" type="stmt"/>
      <line num="49" count="4" type="stmt"/>
      <line num="50" count="4" type="stmt"/>
      <line num="52" count="4" type="stmt"/>
      <line num="54" count="4" type="stmt"/>
      <line num="55" count="4" type="stmt"/>
      <line num="56" count="4" type="stmt"/>
      <line num="57" count="4" type="stmt"/>
      <line num="58" count="4" type="stmt"/>
      <line num="59" count="4" type="stmt"/>
      <line num="60" count="4" type="stmt"/>
    </file>
    <file name="western-zodiac.ts" path="/Users/4n6h4x0r/src/stembranch/src/western-zodiac.ts">
      <metrics statements="35" coveredstatements="35" conditionals="10" coveredconditionals="10" methods="3" coveredmethods="3"/>
      <line num="18" count="1" type="stmt"/>
      <line num="19" count="1" type="stmt"/>
      <line num="20" count="1" type="stmt"/>
      <line num="21" count="1" type="stmt"/>
      <line num="22" count="1" type="stmt"/>
      <line num="23" count="1" type="stmt"/>
      <line num="24" count="1" type="stmt"/>
      <line num="25" count="1" type="stmt"/>
      <line num="26" count="1" type="stmt"/>
      <line num="27" count="1" type="stmt"/>
      <line num="28" count="1" type="stmt"/>
      <line num="29" count="1" type="stmt"/>
      <line num="30" count="1" type="stmt"/>
      <line num="31" count="1" type="stmt"/>
      <line num="40" count="1" type="cond" truecount="1" falsecount="0"/>
      <line num="41" count="29" type="stmt"/>
      <line num="42" count="29" type="stmt"/>
      <line num="43" count="29" type="stmt"/>
      <line num="46" count="29" type="cond" truecount="2" falsecount="0"/>
      <line num="47" count="5" type="stmt"/>
      <line num="48" count="5" type="cond" truecount="1" falsecount="0"/>
      <line num="51" count="29" type="cond" truecount="1" falsecount="0"/>
      <line num="52" count="144" type="stmt"/>
      <line num="53" count="144" type="stmt"/>
      <line num="54" count="144" type="cond" truecount="1" falsecount="0"/>
      <line num="55" count="24" type="stmt"/>
      <line num="56" count="24" type="stmt"/>
      <line num="64" count="29" type="cond" truecount="1" falsecount="0"/>
      <line num="65" count="29" type="stmt"/>
      <line num="66" count="29" type="stmt"/>
      <line num="67" count="29" type="stmt"/>
      <line num="68" count="29" type="stmt"/>
      <line num="69" count="29" type="stmt"/>
      <line num="70" count="29" type="stmt"/>
      <line num="71" count="29" type="stmt"/>
    </file>
    <file name="wuxing.ts" path="/Users/4n6h4x0r/src/stembranch/src/wuxing.ts">
      <metrics statements="14" coveredstatements="14" conditionals="12" coveredconditionals="12" methods="2" coveredmethods="2"/>
      <line num="5" count="1" type="stmt"/>
      <line num="6" count="1" type="stmt"/>
      <line num="7" count="1" type="stmt"/>
      <line num="10" count="1" type="stmt"/>
      <line num="11" count="1" type="stmt"/>
      <line num="12" count="1" type="stmt"/>
      <line num="15" count="1" type="cond" truecount="1" falsecount="0"/>
      <line num="16" count="13" type="cond" truecount="2" falsecount="0"/>
      <line num="17" count="13" type="cond" truecount="3" falsecount="0"/>
      <line num="18" count="11" type="cond" truecount="3" falsecount="0"/>
      <line num="19" count="10" type="cond" truecount="1" falsecount="0"/>
      <line num="20" count="2" type="stmt"/>
      <line num="21" count="2" type="stmt"/>
      <line num="24" count="1" type="stmt"/>
    </file>
    <file name="xunkong.ts" path="/Users/4n6h4x0r/src/stembranch/src/xunkong.ts">
      <metrics statements="10" coveredstatements="10" conditionals="3" coveredconditionals="3" methods="2" coveredmethods="2"/>
      <line num="3" count="1" type="stmt"/>
      <line num="4" count="1" type="stmt"/>
      <line num="16" count="1" type="cond" truecount="1" falsecount="0"/>
      <line num="17" count="8" type="stmt"/>
      <line num="18" count="8" type="stmt"/>
      <line num="19" count="8" type="stmt"/>
      <line num="20" count="8" type="stmt"/>
      <line num="21" count="8" type="stmt"/>
      <line num="22" count="8" type="stmt"/>
      <line num="23" count="8" type="stmt"/>
    </file>
  </project>
</coverage>
