{"/Users/4n6h4x0r/src/stembranch/src/chinese-zodiac.ts": {"path":"/Users/4n6h4x0r/src/stembranch/src/chinese-zodiac.ts","all":false,"statementMap":{"2":{"start":{"line":3,"column":0},"end":{"line":3,"column":32}},"3":{"start":{"line":4,"column":0},"end":{"line":4,"column":43}},"6":{"start":{"line":7,"column":0},"end":{"line":7,"column":63}},"7":{"start":{"line":8,"column":0},"end":{"line":8,"column":31}},"8":{"start":{"line":9,"column":0},"end":{"line":9,"column":31}},"9":{"start":{"line":10,"column":0},"end":{"line":10,"column":2}},"12":{"start":{"line":13,"column":0},"end":{"line":13,"column":68}},"13":{"start":{"line":14,"column":0},"end":{"line":14,"column":53}},"14":{"start":{"line":15,"column":0},"end":{"line":15,"column":57}},"15":{"start":{"line":16,"column":0},"end":{"line":16,"column":56}},"16":{"start":{"line":17,"column":0},"end":{"line":17,"column":2}},"19":{"start":{"line":20,"column":0},"end":{"line":20,"column":70}},"20":{"start":{"line":21,"column":0},"end":{"line":21,"column":47}},"21":{"start":{"line":22,"column":0},"end":{"line":22,"column":1}},"24":{"start":{"line":25,"column":0},"end":{"line":25,"column":70}},"25":{"start":{"line":26,"column":0},"end":{"line":26,"column":47}},"26":{"start":{"line":27,"column":0},"end":{"line":27,"column":1}},"35":{"start":{"line":36,"column":0},"end":{"line":36,"column":73}},"36":{"start":{"line":37,"column":0},"end":{"line":37,"column":34}},"37":{"start":{"line":38,"column":0},"end":{"line":38,"column":34}},"38":{"start":{"line":39,"column":0},"end":{"line":39,"column":57}},"39":{"start":{"line":40,"column":0},"end":{"line":40,"column":59}},"40":{"start":{"line":41,"column":0},"end":{"line":41,"column":36}},"41":{"start":{"line":42,"column":0},"end":{"line":42,"column":45}},"43":{"start":{"line":44,"column":0},"end":{"line":44,"column":67}},"44":{"start":{"line":45,"column":0},"end":{"line":45,"column":1}},"56":{"start":{"line":57,"column":0},"end":{"line":57,"column":79}},"57":{"start":{"line":58,"column":0},"end":{"line":58,"column":34}},"58":{"start":{"line":59,"column":0},"end":{"line":59,"column":41}},"59":{"start":{"line":60,"column":0},"end":{"line":60,"column":58}},"60":{"start":{"line":61,"column":0},"end":{"line":61,"column":59}},"61":{"start":{"line":62,"column":0},"end":{"line":62,"column":36}},"62":{"start":{"line":63,"column":0},"end":{"line":63,"column":45}},"64":{"start":{"line":65,"column":0},"end":{"line":65,"column":75}},"65":{"start":{"line":66,"column":0},"end":{"line":66,"column":1}},"75":{"start":{"line":76,"column":0},"end":{"line":76,"column":33}},"76":{"start":{"line":77,"column":0},"end":{"line":77,"column":13}},"77":{"start":{"line":78,"column":0},"end":{"line":78,"column":36}},"78":{"start":{"line":79,"column":0},"end":{"line":79,"column":24}},"79":{"start":{"line":80,"column":0},"end":{"line":80,"column":30}},"80":{"start":{"line":81,"column":0},"end":{"line":81,"column":34}},"81":{"start":{"line":82,"column":0},"end":{"line":82,"column":41}},"82":{"start":{"line":83,"column":0},"end":{"line":83,"column":1}},"88":{"start":{"line":89,"column":0},"end":{"line":89,"column":52}},"91":{"start":{"line":92,"column":0},"end":{"line":92,"column":60}},"92":{"start":{"line":93,"column":0},"end":{"line":93,"column":60}},"93":{"start":{"line":94,"column":0},"end":{"line":94,"column":60}},"94":{"start":{"line":95,"column":0},"end":{"line":95,"column":60}},"95":{"start":{"line":96,"column":0},"end":{"line":96,"column":60}},"96":{"start":{"line":97,"column":0},"end":{"line":97,"column":60}},"97":{"start":{"line":98,"column":0},"end":{"line":98,"column":60}},"98":{"start":{"line":99,"column":0},"end":{"line":99,"column":45}},"100":{"start":{"line":101,"column":0},"end":{"line":101,"column":60}},"101":{"start":{"line":102,"column":0},"end":{"line":102,"column":60}},"102":{"start":{"line":103,"column":0},"end":{"line":103,"column":60}},"103":{"start":{"line":104,"column":0},"end":{"line":104,"column":59}},"104":{"start":{"line":105,"column":0},"end":{"line":105,"column":60}},"105":{"start":{"line":106,"column":0},"end":{"line":106,"column":60}},"106":{"start":{"line":107,"column":0},"end":{"line":107,"column":60}},"107":{"start":{"line":108,"column":0},"end":{"line":108,"column":30}},"108":{"start":{"line":109,"column":0},"end":{"line":109,"column":2}},"110":{"start":{"line":111,"column":0},"end":{"line":111,"column":47}},"111":{"start":{"line":112,"column":0},"end":{"line":112,"column":31}},"112":{"start":{"line":113,"column":0},"end":{"line":113,"column":14}},"113":{"start":{"line":114,"column":0},"end":{"line":114,"column":46}},"114":{"start":{"line":115,"column":0},"end":{"line":115,"column":3}},"117":{"start":{"line":118,"column":0},"end":{"line":118,"column":30}},"118":{"start":{"line":119,"column":0},"end":{"line":119,"column":1}}},"s":{"2":1,"3":1,"6":1,"7":1,"8":1,"9":1,"12":1,"13":1,"14":1,"15":1,"16":1,"19":1,"20":3,"21":3,"24":1,"25":2,"26":2,"35":1,"36":5,"37":5,"38":5,"39":5,"40":5,"41":5,"43":5,"44":5,"56":1,"57":6,"58":6,"59":6,"60":6,"61":6,"62":6,"64":6,"65":6,"75":1,"76":3,"77":3,"78":3,"79":3,"80":1,"81":2,"82":3,"88":1,"91":1,"92":1,"93":1,"94":1,"95":1,"96":1,"97":1,"98":1,"100":1,"101":1,"102":1,"103":1,"104":1,"105":1,"106":1,"107":1,"108":1,"110":6,"111":6,"112":6,"113":4,"114":4,"117":2,"118":2},"branchMap":{"0":{"type":"branch","line":1,"loc":{"start":{"line":1,"column":0},"end":{"line":1,"column":20}},"locations":[{"start":{"line":1,"column":0},"end":{"line":1,"column":20}}]},"1":{"type":"branch","line":1,"loc":{"start":{"line":1,"column":0},"end":{"line":1,"column":20}},"locations":[{"start":{"line":1,"column":0},"end":{"line":1,"column":20}}]},"2":{"type":"branch","line":20,"loc":{"start":{"line":20,"column":7},"end":{"line":22,"column":1}},"locations":[{"start":{"line":20,"column":7},"end":{"line":22,"column":1}}]},"3":{"type":"branch","line":25,"loc":{"start":{"line":25,"column":7},"end":{"line":27,"column":1}},"locations":[{"start":{"line":25,"column":7},"end":{"line":27,"column":1}}]},"4":{"type":"branch","line":36,"loc":{"start":{"line":36,"column":7},"end":{"line":45,"column":1}},"locations":[{"start":{"line":36,"column":7},"end":{"line":45,"column":1}}]},"5":{"type":"branch","line":39,"loc":{"start":{"line":39,"column":32},"end":{"line":39,"column":48}},"locations":[{"start":{"line":39,"column":32},"end":{"line":39,"column":48}}]},"6":{"type":"branch","line":39,"loc":{"start":{"line":39,"column":41},"end":{"line":39,"column":57}},"locations":[{"start":{"line":39,"column":41},"end":{"line":39,"column":57}}]},"7":{"type":"branch","line":57,"loc":{"start":{"line":57,"column":7},"end":{"line":66,"column":1}},"locations":[{"start":{"line":57,"column":7},"end":{"line":66,"column":1}}]},"8":{"type":"branch","line":60,"loc":{"start":{"line":60,"column":32},"end":{"line":60,"column":49}},"locations":[{"start":{"line":60,"column":32},"end":{"line":60,"column":49}}]},"9":{"type":"branch","line":60,"loc":{"start":{"line":60,"column":42},"end":{"line":60,"column":58}},"locations":[{"start":{"line":60,"column":42},"end":{"line":60,"column":58}}]},"10":{"type":"branch","line":76,"loc":{"start":{"line":76,"column":7},"end":{"line":83,"column":1}},"locations":[{"start":{"line":76,"column":7},"end":{"line":83,"column":1}}]},"11":{"type":"branch","line":80,"loc":{"start":{"line":80,"column":22},"end":{"line":81,"column":34}},"locations":[{"start":{"line":80,"column":22},"end":{"line":81,"column":34}}]},"12":{"type":"branch","line":81,"loc":{"start":{"line":81,"column":33},"end":{"line":82,"column":41}},"locations":[{"start":{"line":81,"column":33},"end":{"line":82,"column":41}}]},"13":{"type":"branch","line":111,"loc":{"start":{"line":111,"column":0},"end":{"line":119,"column":1}},"locations":[{"start":{"line":111,"column":0},"end":{"line":119,"column":1}}]},"14":{"type":"branch","line":113,"loc":{"start":{"line":113,"column":13},"end":{"line":115,"column":3}},"locations":[{"start":{"line":113,"column":13},"end":{"line":115,"column":3}}]},"15":{"type":"branch","line":115,"loc":{"start":{"line":115,"column":2},"end":{"line":119,"column":1}},"locations":[{"start":{"line":115,"column":2},"end":{"line":119,"column":1}}]}},"b":{"0":[1],"1":[1],"2":[3],"3":[2],"4":[5],"5":[4],"6":[1],"7":[6],"8":[3],"9":[3],"10":[3],"11":[1],"12":[2],"13":[6],"14":[4],"15":[2]},"fnMap":{"0":{"name":"get","decl":{"start":{"line":1,"column":0},"end":{"line":1,"column":20}},"loc":{"start":{"line":1,"column":0},"end":{"line":1,"column":20}},"line":1},"1":{"name":"animalFromBranch","decl":{"start":{"line":20,"column":7},"end":{"line":22,"column":1}},"loc":{"start":{"line":20,"column":7},"end":{"line":22,"column":1}},"line":20},"2":{"name":"branchFromAnimal","decl":{"start":{"line":25,"column":7},"end":{"line":27,"column":1}},"loc":{"start":{"line":25,"column":7},"end":{"line":27,"column":1}},"line":25},"3":{"name":"getChineseZodiacLichun","decl":{"start":{"line":36,"column":7},"end":{"line":45,"column":1}},"loc":{"start":{"line":36,"column":7},"end":{"line":45,"column":1}},"line":36},"4":{"name":"getChineseZodiacLunarNewYear","decl":{"start":{"line":57,"column":7},"end":{"line":66,"column":1}},"loc":{"start":{"line":57,"column":7},"end":{"line":66,"column":1}},"line":57},"5":{"name":"getChineseZodiac","decl":{"start":{"line":76,"column":7},"end":{"line":83,"column":1}},"loc":{"start":{"line":76,"column":7},"end":{"line":83,"column":1}},"line":76},"6":{"name":"lunarNewYearDate","decl":{"start":{"line":111,"column":0},"end":{"line":119,"column":1}},"loc":{"start":{"line":111,"column":0},"end":{"line":119,"column":1}},"line":111}},"f":{"0":1,"1":3,"2":2,"3":5,"4":6,"5":3,"6":6}}
,"/Users/4n6h4x0r/src/stembranch/src/dizhi-relations.ts": {"path":"/Users/4n6h4x0r/src/stembranch/src/dizhi-relations.ts","all":false,"statementMap":{"2":{"start":{"line":3,"column":0},"end":{"line":3,"column":40}},"3":{"start":{"line":4,"column":0},"end":{"line":4,"column":43}},"6":{"start":{"line":7,"column":0},"end":{"line":7,"column":55}},"7":{"start":{"line":8,"column":0},"end":{"line":8,"column":37}},"8":{"start":{"line":9,"column":0},"end":{"line":9,"column":37}},"9":{"start":{"line":10,"column":0},"end":{"line":10,"column":2}},"12":{"start":{"line":13,"column":0},"end":{"line":13,"column":58}},"13":{"start":{"line":14,"column":0},"end":{"line":14,"column":37}},"14":{"start":{"line":15,"column":0},"end":{"line":15,"column":37}},"15":{"start":{"line":16,"column":0},"end":{"line":16,"column":2}},"18":{"start":{"line":19,"column":0},"end":{"line":19,"column":54}},"19":{"start":{"line":20,"column":0},"end":{"line":20,"column":84}},"20":{"start":{"line":21,"column":0},"end":{"line":21,"column":1}},"23":{"start":{"line":24,"column":0},"end":{"line":24,"column":57}},"24":{"start":{"line":25,"column":0},"end":{"line":25,"column":87}},"25":{"start":{"line":26,"column":0},"end":{"line":26,"column":1}},"31":{"start":{"line":32,"column":0},"end":{"line":32,"column":82}},"32":{"start":{"line":33,"column":0},"end":{"line":33,"column":49}},"33":{"start":{"line":34,"column":0},"end":{"line":34,"column":52}},"34":{"start":{"line":35,"column":0},"end":{"line":35,"column":41}},"35":{"start":{"line":36,"column":0},"end":{"line":36,"column":43}},"36":{"start":{"line":37,"column":0},"end":{"line":37,"column":45}},"37":{"start":{"line":38,"column":0},"end":{"line":38,"column":30}},"38":{"start":{"line":39,"column":0},"end":{"line":39,"column":30}},"39":{"start":{"line":40,"column":0},"end":{"line":40,"column":14}},"40":{"start":{"line":41,"column":0},"end":{"line":41,"column":1}}},"s":{"2":1,"3":1,"6":1,"7":1,"8":1,"9":1,"12":1,"13":1,"14":1,"15":1,"18":1,"19":12,"20":12,"23":1,"24":9,"25":9,"31":1,"32":5,"33":5,"34":3,"35":3,"36":3,"37":5,"38":5,"39":1,"40":1},"branchMap":{"0":{"type":"branch","line":1,"loc":{"start":{"line":1,"column":0},"end":{"line":1,"column":20}},"locations":[{"start":{"line":1,"column":0},"end":{"line":1,"column":20}}]},"1":{"type":"branch","line":1,"loc":{"start":{"line":1,"column":0},"end":{"line":1,"column":20}},"locations":[{"start":{"line":1,"column":0},"end":{"line":1,"column":20}}]},"2":{"type":"branch","line":19,"loc":{"start":{"line":19,"column":7},"end":{"line":21,"column":1}},"locations":[{"start":{"line":19,"column":7},"end":{"line":21,"column":1}}]},"3":{"type":"branch","line":20,"loc":{"start":{"line":20,"column":26},"end":{"line":20,"column":82}},"locations":[{"start":{"line":20,"column":26},"end":{"line":20,"column":82}}]},"4":{"type":"branch","line":20,"loc":{"start":{"line":20,"column":45},"end":{"line":20,"column":63}},"locations":[{"start":{"line":20,"column":45},"end":{"line":20,"column":63}}]},"5":{"type":"branch","line":20,"loc":{"start":{"line":20,"column":56},"end":{"line":20,"column":82}},"locations":[{"start":{"line":20,"column":56},"end":{"line":20,"column":82}}]},"6":{"type":"branch","line":20,"loc":{"start":{"line":20,"column":69},"end":{"line":20,"column":82}},"locations":[{"start":{"line":20,"column":69},"end":{"line":20,"column":82}}]},"7":{"type":"branch","line":24,"loc":{"start":{"line":24,"column":7},"end":{"line":26,"column":1}},"locations":[{"start":{"line":24,"column":7},"end":{"line":26,"column":1}}]},"8":{"type":"branch","line":25,"loc":{"start":{"line":25,"column":29},"end":{"line":25,"column":85}},"locations":[{"start":{"line":25,"column":29},"end":{"line":25,"column":85}}]},"9":{"type":"branch","line":25,"loc":{"start":{"line":25,"column":48},"end":{"line":25,"column":66}},"locations":[{"start":{"line":25,"column":48},"end":{"line":25,"column":66}}]},"10":{"type":"branch","line":25,"loc":{"start":{"line":25,"column":59},"end":{"line":25,"column":85}},"locations":[{"start":{"line":25,"column":59},"end":{"line":25,"column":85}}]},"11":{"type":"branch","line":25,"loc":{"start":{"line":25,"column":72},"end":{"line":25,"column":85}},"locations":[{"start":{"line":25,"column":72},"end":{"line":25,"column":85}}]},"12":{"type":"branch","line":32,"loc":{"start":{"line":32,"column":7},"end":{"line":41,"column":1}},"locations":[{"start":{"line":32,"column":7},"end":{"line":41,"column":1}}]},"13":{"type":"branch","line":33,"loc":{"start":{"line":33,"column":38},"end":{"line":33,"column":49}},"locations":[{"start":{"line":33,"column":38},"end":{"line":33,"column":49}}]},"14":{"type":"branch","line":33,"loc":{"start":{"line":33,"column":45},"end":{"line":34,"column":48}},"locations":[{"start":{"line":33,"column":45},"end":{"line":34,"column":48}}]},"15":{"type":"branch","line":34,"loc":{"start":{"line":34,"column":41},"end":{"line":34,"column":52}},"locations":[{"start":{"line":34,"column":41},"end":{"line":34,"column":52}}]},"16":{"type":"branch","line":34,"loc":{"start":{"line":34,"column":48},"end":{"line":38,"column":26}},"locations":[{"start":{"line":34,"column":48},"end":{"line":38,"column":26}}]},"17":{"type":"branch","line":38,"loc":{"start":{"line":38,"column":19},"end":{"line":38,"column":30}},"locations":[{"start":{"line":38,"column":19},"end":{"line":38,"column":30}}]},"18":{"type":"branch","line":38,"loc":{"start":{"line":38,"column":26},"end":{"line":39,"column":26}},"locations":[{"start":{"line":38,"column":26},"end":{"line":39,"column":26}}]},"19":{"type":"branch","line":39,"loc":{"start":{"line":39,"column":19},"end":{"line":41,"column":1}},"locations":[{"start":{"line":39,"column":19},"end":{"line":41,"column":1}}]}},"b":{"0":[1],"1":[1],"2":[12],"3":[49],"4":[10],"5":[45],"6":[2],"7":[9],"8":[36],"9":[8],"10":[32],"11":[1],"12":[5],"13":[1],"14":[4],"15":[1],"16":[3],"17":[1],"18":[2],"19":[1]},"fnMap":{"0":{"name":"get","decl":{"start":{"line":1,"column":0},"end":{"line":1,"column":20}},"loc":{"start":{"line":1,"column":0},"end":{"line":1,"column":20}},"line":1},"1":{"name":"isLiuHe","decl":{"start":{"line":19,"column":7},"end":{"line":21,"column":1}},"loc":{"start":{"line":19,"column":7},"end":{"line":21,"column":1}},"line":19},"2":{"name":"isLiuChong","decl":{"start":{"line":24,"column":7},"end":{"line":26,"column":1}},"loc":{"start":{"line":24,"column":7},"end":{"line":26,"column":1}},"line":24},"3":{"name":"getDayRelation","decl":{"start":{"line":32,"column":7},"end":{"line":41,"column":1}},"loc":{"start":{"line":32,"column":7},"end":{"line":41,"column":1}},"line":32}},"f":{"0":1,"1":12,"2":9,"3":5}}
,"/Users/4n6h4x0r/src/stembranch/src/dizhi.ts": {"path":"/Users/4n6h4x0r/src/stembranch/src/dizhi.ts","all":false,"statementMap":{"4":{"start":{"line":5,"column":0},"end":{"line":5,"column":100}},"7":{"start":{"line":8,"column":0},"end":{"line":8,"column":53}},"8":{"start":{"line":9,"column":0},"end":{"line":9,"column":61}},"9":{"start":{"line":10,"column":0},"end":{"line":10,"column":61}},"10":{"start":{"line":11,"column":0},"end":{"line":11,"column":2}},"13":{"start":{"line":14,"column":0},"end":{"line":14,"column":56}},"14":{"start":{"line":15,"column":0},"end":{"line":15,"column":53}},"15":{"start":{"line":16,"column":0},"end":{"line":16,"column":1}},"18":{"start":{"line":19,"column":0},"end":{"line":19,"column":52}},"19":{"start":{"line":20,"column":0},"end":{"line":20,"column":41}},"20":{"start":{"line":21,"column":0},"end":{"line":21,"column":1}},"23":{"start":{"line":24,"column":0},"end":{"line":24,"column":52}},"24":{"start":{"line":25,"column":0},"end":{"line":25,"column":29}},"25":{"start":{"line":26,"column":0},"end":{"line":26,"column":43}},"26":{"start":{"line":27,"column":0},"end":{"line":27,"column":1}},"29":{"start":{"line":30,"column":0},"end":{"line":30,"column":59}},"30":{"start":{"line":31,"column":0},"end":{"line":31,"column":38}},"31":{"start":{"line":32,"column":0},"end":{"line":32,"column":1}}},"s":{"4":1,"7":1,"8":1,"9":1,"10":1,"13":1,"14":12,"15":12,"18":1,"19":260,"20":260,"23":1,"24":8,"25":7,"26":7,"29":1,"30":4,"31":4},"branchMap":{"0":{"type":"branch","line":1,"loc":{"start":{"line":1,"column":0},"end":{"line":1,"column":20}},"locations":[{"start":{"line":1,"column":0},"end":{"line":1,"column":20}}]},"1":{"type":"branch","line":1,"loc":{"start":{"line":1,"column":0},"end":{"line":1,"column":20}},"locations":[{"start":{"line":1,"column":0},"end":{"line":1,"column":20}}]},"2":{"type":"branch","line":14,"loc":{"start":{"line":14,"column":7},"end":{"line":16,"column":1}},"locations":[{"start":{"line":14,"column":7},"end":{"line":16,"column":1}}]},"3":{"type":"branch","line":15,"loc":{"start":{"line":15,"column":39},"end":{"line":15,"column":49}},"locations":[{"start":{"line":15,"column":39},"end":{"line":15,"column":49}}]},"4":{"type":"branch","line":15,"loc":{"start":{"line":15,"column":43},"end":{"line":15,"column":53}},"locations":[{"start":{"line":15,"column":43},"end":{"line":15,"column":53}}]},"5":{"type":"branch","line":19,"loc":{"start":{"line":19,"column":7},"end":{"line":21,"column":1}},"locations":[{"start":{"line":19,"column":7},"end":{"line":21,"column":1}}]},"6":{"type":"branch","line":24,"loc":{"start":{"line":24,"column":7},"end":{"line":27,"column":1}},"locations":[{"start":{"line":24,"column":7},"end":{"line":27,"column":1}}]},"7":{"type":"branch","line":25,"loc":{"start":{"line":25,"column":18},"end":{"line":25,"column":29}},"locations":[{"start":{"line":25,"column":18},"end":{"line":25,"column":29}}]},"8":{"type":"branch","line":25,"loc":{"start":{"line":25,"column":25},"end":{"line":27,"column":1}},"locations":[{"start":{"line":25,"column":25},"end":{"line":27,"column":1}}]},"9":{"type":"branch","line":30,"loc":{"start":{"line":30,"column":7},"end":{"line":32,"column":1}},"locations":[{"start":{"line":30,"column":7},"end":{"line":32,"column":1}}]}},"b":{"0":[1],"1":[1],"2":[12],"3":[6],"4":[6],"5":[260],"6":[8],"7":[1],"8":[7],"9":[4]},"fnMap":{"0":{"name":"get","decl":{"start":{"line":1,"column":0},"end":{"line":1,"column":20}},"loc":{"start":{"line":1,"column":0},"end":{"line":1,"column":20}},"line":1},"1":{"name":"dizhiYinYang","decl":{"start":{"line":14,"column":7},"end":{"line":16,"column":1}},"loc":{"start":{"line":14,"column":7},"end":{"line":16,"column":1}},"line":14},"2":{"name":"dizhiByIndex","decl":{"start":{"line":19,"column":7},"end":{"line":21,"column":1}},"loc":{"start":{"line":19,"column":7},"end":{"line":21,"column":1}},"line":19},"3":{"name":"dizhiFromHour","decl":{"start":{"line":24,"column":7},"end":{"line":27,"column":1}},"loc":{"start":{"line":24,"column":7},"end":{"line":27,"column":1}},"line":24},"4":{"name":"dizhiFromMonth","decl":{"start":{"line":30,"column":7},"end":{"line":32,"column":1}},"loc":{"start":{"line":30,"column":7},"end":{"line":32,"column":1}},"line":30}},"f":{"0":1,"1":12,"2":260,"3":8,"4":4}}
,"/Users/4n6h4x0r/src/stembranch/src/four-pillars.ts": {"path":"/Users/4n6h4x0r/src/stembranch/src/four-pillars.ts","all":false,"statementMap":{"2":{"start":{"line":3,"column":0},"end":{"line":3,"column":52}},"3":{"start":{"line":4,"column":0},"end":{"line":4,"column":46}},"4":{"start":{"line":5,"column":0},"end":{"line":5,"column":63}},"9":{"start":{"line":10,"column":0},"end":{"line":10,"column":68}},"10":{"start":{"line":11,"column":0},"end":{"line":11,"column":63}},"11":{"start":{"line":12,"column":0},"end":{"line":12,"column":1}},"17":{"start":{"line":18,"column":0},"end":{"line":18,"column":60}},"18":{"start":{"line":19,"column":0},"end":{"line":19,"column":25}},"19":{"start":{"line":20,"column":0},"end":{"line":20,"column":57}},"20":{"start":{"line":21,"column":0},"end":{"line":21,"column":57}},"21":{"start":{"line":22,"column":0},"end":{"line":22,"column":57}},"22":{"start":{"line":23,"column":0},"end":{"line":23,"column":57}},"23":{"start":{"line":24,"column":0},"end":{"line":24,"column":57}},"24":{"start":{"line":25,"column":0},"end":{"line":25,"column":57}},"25":{"start":{"line":26,"column":0},"end":{"line":26,"column":57}},"26":{"start":{"line":27,"column":0},"end":{"line":27,"column":57}},"27":{"start":{"line":28,"column":0},"end":{"line":28,"column":57}},"28":{"start":{"line":29,"column":0},"end":{"line":29,"column":57}},"29":{"start":{"line":30,"column":0},"end":{"line":30,"column":57}},"30":{"start":{"line":31,"column":0},"end":{"line":31,"column":55}},"31":{"start":{"line":32,"column":0},"end":{"line":32,"column":57}},"32":{"start":{"line":33,"column":0},"end":{"line":33,"column":1}},"57":{"start":{"line":58,"column":0},"end":{"line":58,"column":91}},"58":{"start":{"line":59,"column":0},"end":{"line":59,"column":35}},"60":{"start":{"line":61,"column":0},"end":{"line":61,"column":34}},"61":{"start":{"line":62,"column":0},"end":{"line":62,"column":36}},"62":{"start":{"line":63,"column":0},"end":{"line":63,"column":29}},"63":{"start":{"line":64,"column":0},"end":{"line":64,"column":31}},"66":{"start":{"line":67,"column":0},"end":{"line":67,"column":28}},"67":{"start":{"line":68,"column":0},"end":{"line":68,"column":14}},"68":{"start":{"line":69,"column":0},"end":{"line":69,"column":36}},"69":{"start":{"line":70,"column":0},"end":{"line":70,"column":53}},"70":{"start":{"line":71,"column":0},"end":{"line":71,"column":10}},"71":{"start":{"line":72,"column":0},"end":{"line":72,"column":35}},"72":{"start":{"line":73,"column":0},"end":{"line":73,"column":37}},"73":{"start":{"line":74,"column":0},"end":{"line":74,"column":57}},"74":{"start":{"line":75,"column":0},"end":{"line":75,"column":3}},"76":{"start":{"line":77,"column":0},"end":{"line":77,"column":59}},"77":{"start":{"line":78,"column":0},"end":{"line":78,"column":61}},"80":{"start":{"line":81,"column":0},"end":{"line":81,"column":28}},"81":{"start":{"line":82,"column":0},"end":{"line":82,"column":14}},"82":{"start":{"line":83,"column":0},"end":{"line":83,"column":44}},"83":{"start":{"line":84,"column":0},"end":{"line":84,"column":38}},"84":{"start":{"line":85,"column":0},"end":{"line":85,"column":10}},"85":{"start":{"line":86,"column":0},"end":{"line":86,"column":52}},"86":{"start":{"line":87,"column":0},"end":{"line":87,"column":3}},"88":{"start":{"line":89,"column":0},"end":{"line":89,"column":67}},"90":{"start":{"line":91,"column":0},"end":{"line":91,"column":58}},"91":{"start":{"line":92,"column":0},"end":{"line":92,"column":61}},"95":{"start":{"line":96,"column":0},"end":{"line":96,"column":41}},"96":{"start":{"line":97,"column":0},"end":{"line":97,"column":52}},"97":{"start":{"line":98,"column":0},"end":{"line":98,"column":39}},"98":{"start":{"line":99,"column":0},"end":{"line":99,"column":41}},"102":{"start":{"line":103,"column":0},"end":{"line":103,"column":28}},"103":{"start":{"line":104,"column":0},"end":{"line":104,"column":39}},"105":{"start":{"line":106,"column":0},"end":{"line":106,"column":19}},"106":{"start":{"line":107,"column":0},"end":{"line":107,"column":41}},"107":{"start":{"line":108,"column":0},"end":{"line":108,"column":48}},"108":{"start":{"line":109,"column":0},"end":{"line":109,"column":10}},"109":{"start":{"line":110,"column":0},"end":{"line":110,"column":47}},"110":{"start":{"line":111,"column":0},"end":{"line":111,"column":3}},"113":{"start":{"line":114,"column":0},"end":{"line":114,"column":54}},"114":{"start":{"line":115,"column":0},"end":{"line":115,"column":59}},"116":{"start":{"line":117,"column":0},"end":{"line":117,"column":10}},"117":{"start":{"line":118,"column":0},"end":{"line":118,"column":85}},"118":{"start":{"line":119,"column":0},"end":{"line":119,"column":88}},"119":{"start":{"line":120,"column":0},"end":{"line":120,"column":82}},"120":{"start":{"line":121,"column":0},"end":{"line":121,"column":85}},"121":{"start":{"line":122,"column":0},"end":{"line":122,"column":4}},"122":{"start":{"line":123,"column":0},"end":{"line":123,"column":1}}},"s":{"2":1,"3":1,"4":1,"9":32,"10":32,"11":32,"17":18,"18":18,"19":18,"20":18,"21":18,"22":18,"23":18,"24":18,"25":18,"26":18,"27":18,"28":18,"29":18,"30":18,"31":2,"32":2,"57":1,"58":32,"60":32,"61":32,"62":32,"63":32,"66":32,"67":32,"68":14,"69":14,"70":32,"71":18,"72":18,"73":18,"74":18,"76":32,"77":32,"80":32,"81":32,"82":14,"83":14,"84":32,"85":18,"86":18,"88":32,"90":32,"91":32,"95":32,"96":32,"97":32,"98":32,"102":32,"103":32,"105":32,"106":2,"107":2,"108":32,"109":30,"110":30,"113":32,"114":32,"116":32,"117":32,"118":32,"119":32,"120":32,"121":32,"122":32},"branchMap":{"0":{"type":"branch","line":1,"loc":{"start":{"line":1,"column":0},"end":{"line":1,"column":20}},"locations":[{"start":{"line":1,"column":0},"end":{"line":1,"column":20}}]},"1":{"type":"branch","line":1,"loc":{"start":{"line":1,"column":0},"end":{"line":1,"column":20}},"locations":[{"start":{"line":1,"column":0},"end":{"line":1,"column":20}}]},"2":{"type":"branch","line":10,"loc":{"start":{"line":10,"column":0},"end":{"line":12,"column":1}},"locations":[{"start":{"line":10,"column":0},"end":{"line":12,"column":1}}]},"3":{"type":"branch","line":18,"loc":{"start":{"line":18,"column":0},"end":{"line":33,"column":1}},"locations":[{"start":{"line":18,"column":0},"end":{"line":33,"column":1}}]},"4":{"type":"branch","line":20,"loc":{"start":{"line":20,"column":12},"end":{"line":20,"column":29}},"locations":[{"start":{"line":20,"column":12},"end":{"line":20,"column":29}}]},"5":{"type":"branch","line":20,"loc":{"start":{"line":20,"column":29},"end":{"line":20,"column":57}},"locations":[{"start":{"line":20,"column":29},"end":{"line":20,"column":57}}]},"6":{"type":"branch","line":20,"loc":{"start":{"line":20,"column":36},"end":{"line":21,"column":19}},"locations":[{"start":{"line":20,"column":36},"end":{"line":21,"column":19}}]},"7":{"type":"branch","line":21,"loc":{"start":{"line":21,"column":12},"end":{"line":21,"column":29}},"locations":[{"start":{"line":21,"column":12},"end":{"line":21,"column":29}}]},"8":{"type":"branch","line":21,"loc":{"start":{"line":21,"column":29},"end":{"line":21,"column":57}},"locations":[{"start":{"line":21,"column":29},"end":{"line":21,"column":57}}]},"9":{"type":"branch","line":21,"loc":{"start":{"line":21,"column":36},"end":{"line":22,"column":19}},"locations":[{"start":{"line":21,"column":36},"end":{"line":22,"column":19}}]},"10":{"type":"branch","line":22,"loc":{"start":{"line":22,"column":12},"end":{"line":22,"column":29}},"locations":[{"start":{"line":22,"column":12},"end":{"line":22,"column":29}}]},"11":{"type":"branch","line":22,"loc":{"start":{"line":22,"column":29},"end":{"line":22,"column":57}},"locations":[{"start":{"line":22,"column":29},"end":{"line":22,"column":57}}]},"12":{"type":"branch","line":22,"loc":{"start":{"line":22,"column":36},"end":{"line":23,"column":19}},"locations":[{"start":{"line":22,"column":36},"end":{"line":23,"column":19}}]},"13":{"type":"branch","line":23,"loc":{"start":{"line":23,"column":12},"end":{"line":23,"column":29}},"locations":[{"start":{"line":23,"column":12},"end":{"line":23,"column":29}}]},"14":{"type":"branch","line":23,"loc":{"start":{"line":23,"column":29},"end":{"line":23,"column":57}},"locations":[{"start":{"line":23,"column":29},"end":{"line":23,"column":57}}]},"15":{"type":"branch","line":23,"loc":{"start":{"line":23,"column":36},"end":{"line":24,"column":19}},"locations":[{"start":{"line":23,"column":36},"end":{"line":24,"column":19}}]},"16":{"type":"branch","line":24,"loc":{"start":{"line":24,"column":12},"end":{"line":24,"column":29}},"locations":[{"start":{"line":24,"column":12},"end":{"line":24,"column":29}}]},"17":{"type":"branch","line":24,"loc":{"start":{"line":24,"column":29},"end":{"line":24,"column":57}},"locations":[{"start":{"line":24,"column":29},"end":{"line":24,"column":57}}]},"18":{"type":"branch","line":24,"loc":{"start":{"line":24,"column":36},"end":{"line":25,"column":19}},"locations":[{"start":{"line":24,"column":36},"end":{"line":25,"column":19}}]},"19":{"type":"branch","line":25,"loc":{"start":{"line":25,"column":12},"end":{"line":25,"column":29}},"locations":[{"start":{"line":25,"column":12},"end":{"line":25,"column":29}}]},"20":{"type":"branch","line":25,"loc":{"start":{"line":25,"column":29},"end":{"line":25,"column":57}},"locations":[{"start":{"line":25,"column":29},"end":{"line":25,"column":57}}]},"21":{"type":"branch","line":25,"loc":{"start":{"line":25,"column":36},"end":{"line":26,"column":19}},"locations":[{"start":{"line":25,"column":36},"end":{"line":26,"column":19}}]},"22":{"type":"branch","line":26,"loc":{"start":{"line":26,"column":12},"end":{"line":26,"column":29}},"locations":[{"start":{"line":26,"column":12},"end":{"line":26,"column":29}}]},"23":{"type":"branch","line":26,"loc":{"start":{"line":26,"column":29},"end":{"line":26,"column":57}},"locations":[{"start":{"line":26,"column":29},"end":{"line":26,"column":57}}]},"24":{"type":"branch","line":26,"loc":{"start":{"line":26,"column":36},"end":{"line":27,"column":19}},"locations":[{"start":{"line":26,"column":36},"end":{"line":27,"column":19}}]},"25":{"type":"branch","line":27,"loc":{"start":{"line":27,"column":12},"end":{"line":27,"column":30}},"locations":[{"start":{"line":27,"column":12},"end":{"line":27,"column":30}}]},"26":{"type":"branch","line":27,"loc":{"start":{"line":27,"column":30},"end":{"line":27,"column":57}},"locations":[{"start":{"line":27,"column":30},"end":{"line":27,"column":57}}]},"27":{"type":"branch","line":27,"loc":{"start":{"line":27,"column":37},"end":{"line":28,"column":20}},"locations":[{"start":{"line":27,"column":37},"end":{"line":28,"column":20}}]},"28":{"type":"branch","line":28,"loc":{"start":{"line":28,"column":12},"end":{"line":28,"column":31}},"locations":[{"start":{"line":28,"column":12},"end":{"line":28,"column":31}}]},"29":{"type":"branch","line":28,"loc":{"start":{"line":28,"column":31},"end":{"line":28,"column":57}},"locations":[{"start":{"line":28,"column":31},"end":{"line":28,"column":57}}]},"30":{"type":"branch","line":28,"loc":{"start":{"line":28,"column":38},"end":{"line":29,"column":20}},"locations":[{"start":{"line":28,"column":38},"end":{"line":29,"column":20}}]},"31":{"type":"branch","line":29,"loc":{"start":{"line":29,"column":12},"end":{"line":29,"column":31}},"locations":[{"start":{"line":29,"column":12},"end":{"line":29,"column":31}}]},"32":{"type":"branch","line":29,"loc":{"start":{"line":29,"column":31},"end":{"line":29,"column":57}},"locations":[{"start":{"line":29,"column":31},"end":{"line":29,"column":57}}]},"33":{"type":"branch","line":29,"loc":{"start":{"line":29,"column":38},"end":{"line":30,"column":25}},"locations":[{"start":{"line":29,"column":38},"end":{"line":30,"column":25}}]},"34":{"type":"branch","line":30,"loc":{"start":{"line":30,"column":18},"end":{"line":30,"column":57}},"locations":[{"start":{"line":30,"column":18},"end":{"line":30,"column":57}}]},"35":{"type":"branch","line":30,"loc":{"start":{"line":30,"column":25},"end":{"line":31,"column":23}},"locations":[{"start":{"line":30,"column":25},"end":{"line":31,"column":23}}]},"36":{"type":"branch","line":31,"loc":{"start":{"line":31,"column":16},"end":{"line":31,"column":55}},"locations":[{"start":{"line":31,"column":16},"end":{"line":31,"column":55}}]},"37":{"type":"branch","line":31,"loc":{"start":{"line":31,"column":23},"end":{"line":33,"column":1}},"locations":[{"start":{"line":31,"column":23},"end":{"line":33,"column":1}}]},"38":{"type":"branch","line":58,"loc":{"start":{"line":58,"column":7},"end":{"line":123,"column":1}},"locations":[{"start":{"line":58,"column":7},"end":{"line":123,"column":1}}]},"39":{"type":"branch","line":68,"loc":{"start":{"line":68,"column":13},"end":{"line":71,"column":9}},"locations":[{"start":{"line":68,"column":13},"end":{"line":71,"column":9}}]},"40":{"type":"branch","line":70,"loc":{"start":{"line":70,"column":28},"end":{"line":70,"column":44}},"locations":[{"start":{"line":70,"column":28},"end":{"line":70,"column":44}}]},"41":{"type":"branch","line":70,"loc":{"start":{"line":70,"column":37},"end":{"line":70,"column":53}},"locations":[{"start":{"line":70,"column":37},"end":{"line":70,"column":53}}]},"42":{"type":"branch","line":71,"loc":{"start":{"line":71,"column":2},"end":{"line":75,"column":3}},"locations":[{"start":{"line":71,"column":2},"end":{"line":75,"column":3}}]},"43":{"type":"branch","line":74,"loc":{"start":{"line":74,"column":30},"end":{"line":74,"column":48}},"locations":[{"start":{"line":74,"column":30},"end":{"line":74,"column":48}}]},"44":{"type":"branch","line":74,"loc":{"start":{"line":74,"column":41},"end":{"line":74,"column":57}},"locations":[{"start":{"line":74,"column":41},"end":{"line":74,"column":57}}]},"45":{"type":"branch","line":82,"loc":{"start":{"line":82,"column":13},"end":{"line":85,"column":9}},"locations":[{"start":{"line":82,"column":13},"end":{"line":85,"column":9}}]},"46":{"type":"branch","line":85,"loc":{"start":{"line":85,"column":2},"end":{"line":87,"column":3}},"locations":[{"start":{"line":85,"column":2},"end":{"line":87,"column":3}}]},"47":{"type":"branch","line":106,"loc":{"start":{"line":106,"column":18},"end":{"line":109,"column":9}},"locations":[{"start":{"line":106,"column":18},"end":{"line":109,"column":9}}]},"48":{"type":"branch","line":109,"loc":{"start":{"line":109,"column":2},"end":{"line":111,"column":3}},"locations":[{"start":{"line":109,"column":2},"end":{"line":111,"column":3}}]}},"b":{"0":[1],"1":[1],"2":[32],"3":[18],"4":[15],"5":[2],"6":[16],"7":[13],"8":[1],"9":[15],"10":[12],"11":[1],"12":[14],"13":[11],"14":[1],"15":[13],"16":[10],"17":[4],"18":[9],"19":[6],"20":[1],"21":[8],"22":[5],"23":[1],"24":[7],"25":[4],"26":[1],"27":[6],"28":[3],"29":[1],"30":[5],"31":[2],"32":[1],"33":[4],"34":[1],"35":[3],"36":[1],"37":[2],"38":[32],"39":[14],"40":[9],"41":[5],"42":[18],"43":[15],"44":[3],"45":[14],"46":[18],"47":[2],"48":[30]},"fnMap":{"0":{"name":"get","decl":{"start":{"line":1,"column":0},"end":{"line":1,"column":20}},"loc":{"start":{"line":1,"column":0},"end":{"line":1,"column":20}},"line":1},"1":{"name":"utcDays","decl":{"start":{"line":10,"column":0},"end":{"line":12,"column":1}},"loc":{"start":{"line":10,"column":0},"end":{"line":12,"column":1}},"line":10},"2":{"name":"getSolarMonthApprox","decl":{"start":{"line":18,"column":0},"end":{"line":33,"column":1}},"loc":{"start":{"line":18,"column":0},"end":{"line":33,"column":1}},"line":18},"3":{"name":"computeFourPillars","decl":{"start":{"line":58,"column":7},"end":{"line":123,"column":1}},"loc":{"start":{"line":58,"column":7},"end":{"line":123,"column":1}},"line":58}},"f":{"0":1,"1":32,"2":18,"3":32}}
,"/Users/4n6h4x0r/src/stembranch/src/ganzhi.ts": {"path":"/Users/4n6h4x0r/src/stembranch/src/ganzhi.ts","all":false,"statementMap":{"2":{"start":{"line":3,"column":0},"end":{"line":3,"column":52}},"3":{"start":{"line":4,"column":0},"end":{"line":4,"column":46}},"6":{"start":{"line":7,"column":0},"end":{"line":7,"column":66}},"7":{"start":{"line":8,"column":0},"end":{"line":8,"column":38}},"8":{"start":{"line":9,"column":0},"end":{"line":9,"column":1}},"11":{"start":{"line":12,"column":0},"end":{"line":12,"column":101}},"12":{"start":{"line":13,"column":0},"end":{"line":13,"column":37}},"13":{"start":{"line":14,"column":0},"end":{"line":14,"column":33}},"14":{"start":{"line":15,"column":0},"end":{"line":15,"column":33}},"15":{"start":{"line":16,"column":0},"end":{"line":16,"column":60}},"16":{"start":{"line":17,"column":0},"end":{"line":17,"column":1}},"19":{"start":{"line":20,"column":0},"end":{"line":20,"column":72}},"20":{"start":{"line":21,"column":0},"end":{"line":21,"column":34}},"21":{"start":{"line":22,"column":0},"end":{"line":22,"column":34}},"23":{"start":{"line":24,"column":0},"end":{"line":24,"column":37}},"25":{"start":{"line":26,"column":0},"end":{"line":26,"column":36}},"26":{"start":{"line":27,"column":0},"end":{"line":27,"column":31}},"33":{"start":{"line":34,"column":0},"end":{"line":34,"column":82}},"34":{"start":{"line":35,"column":0},"end":{"line":35,"column":35}},"35":{"start":{"line":36,"column":0},"end":{"line":36,"column":32}},"36":{"start":{"line":37,"column":0},"end":{"line":37,"column":32}},"37":{"start":{"line":38,"column":0},"end":{"line":38,"column":70}},"38":{"start":{"line":39,"column":0},"end":{"line":39,"column":26}},"39":{"start":{"line":40,"column":0},"end":{"line":40,"column":1}},"42":{"start":{"line":43,"column":0},"end":{"line":43,"column":44}},"43":{"start":{"line":44,"column":0},"end":{"line":44,"column":76}},"44":{"start":{"line":45,"column":0},"end":{"line":45,"column":1}}},"s":{"2":1,"3":1,"6":1,"7":128,"8":128,"11":1,"12":126,"13":126,"14":126,"15":126,"16":126,"19":1,"20":124,"21":124,"23":124,"25":124,"26":218,"33":1,"34":5,"35":3,"36":3,"37":5,"38":2,"39":2,"42":1,"43":2,"44":2},"branchMap":{"0":{"type":"branch","line":1,"loc":{"start":{"line":1,"column":0},"end":{"line":1,"column":20}},"locations":[{"start":{"line":1,"column":0},"end":{"line":1,"column":20}}]},"1":{"type":"branch","line":1,"loc":{"start":{"line":1,"column":0},"end":{"line":1,"column":20}},"locations":[{"start":{"line":1,"column":0},"end":{"line":1,"column":20}}]},"2":{"type":"branch","line":7,"loc":{"start":{"line":7,"column":7},"end":{"line":9,"column":1}},"locations":[{"start":{"line":7,"column":7},"end":{"line":9,"column":1}}]},"3":{"type":"branch","line":12,"loc":{"start":{"line":12,"column":7},"end":{"line":17,"column":1}},"locations":[{"start":{"line":12,"column":7},"end":{"line":17,"column":1}}]},"4":{"type":"branch","line":20,"loc":{"start":{"line":20,"column":7},"end":{"line":31,"column":1}},"locations":[{"start":{"line":20,"column":7},"end":{"line":31,"column":1}}]},"5":{"type":"branch","line":24,"loc":{"start":{"line":24,"column":27},"end":{"line":24,"column":37}},"locations":[{"start":{"line":24,"column":27},"end":{"line":24,"column":37}}]},"6":{"type":"branch","line":24,"loc":{"start":{"line":24,"column":34},"end":{"line":26,"column":35}},"locations":[{"start":{"line":24,"column":34},"end":{"line":26,"column":35}}]},"7":{"type":"branch","line":26,"loc":{"start":{"line":26,"column":35},"end":{"line":29,"column":3}},"locations":[{"start":{"line":26,"column":35},"end":{"line":29,"column":3}}]},"8":{"type":"branch","line":27,"loc":{"start":{"line":27,"column":22},"end":{"line":27,"column":31}},"locations":[{"start":{"line":27,"column":22},"end":{"line":27,"column":31}}]},"9":{"type":"branch","line":29,"loc":{"start":{"line":29,"column":2},"end":{"line":31,"column":1}},"locations":[{"start":{"line":29,"column":2},"end":{"line":31,"column":1}}]},"10":{"type":"branch","line":34,"loc":{"start":{"line":34,"column":7},"end":{"line":40,"column":1}},"locations":[{"start":{"line":34,"column":7},"end":{"line":40,"column":1}}]},"11":{"type":"branch","line":35,"loc":{"start":{"line":35,"column":23},"end":{"line":35,"column":35}},"locations":[{"start":{"line":35,"column":23},"end":{"line":35,"column":35}}]},"12":{"type":"branch","line":35,"loc":{"start":{"line":35,"column":30},"end":{"line":38,"column":33}},"locations":[{"start":{"line":35,"column":30},"end":{"line":38,"column":33}}]},"13":{"type":"branch","line":38,"loc":{"start":{"line":38,"column":28},"end":{"line":38,"column":58}},"locations":[{"start":{"line":38,"column":28},"end":{"line":38,"column":58}}]},"14":{"type":"branch","line":38,"loc":{"start":{"line":38,"column":58},"end":{"line":38,"column":70}},"locations":[{"start":{"line":38,"column":58},"end":{"line":38,"column":70}}]},"15":{"type":"branch","line":38,"loc":{"start":{"line":38,"column":65},"end":{"line":40,"column":1}},"locations":[{"start":{"line":38,"column":65},"end":{"line":40,"column":1}}]},"16":{"type":"branch","line":43,"loc":{"start":{"line":43,"column":7},"end":{"line":45,"column":1}},"locations":[{"start":{"line":43,"column":7},"end":{"line":45,"column":1}}]},"17":{"type":"branch","line":44,"loc":{"start":{"line":44,"column":36},"end":{"line":44,"column":74}},"locations":[{"start":{"line":44,"column":36},"end":{"line":44,"column":74}}]}},"b":{"0":[1],"1":[1],"2":[128],"3":[126],"4":[124],"5":[61],"6":[63],"7":[218],"8":[63],"9":[1],"10":[5],"11":[2],"12":[3],"13":[2],"14":[1],"15":[2],"16":[2],"17":[120]},"fnMap":{"0":{"name":"get","decl":{"start":{"line":1,"column":0},"end":{"line":1,"column":20}},"loc":{"start":{"line":1,"column":0},"end":{"line":1,"column":20}},"line":1},"1":{"name":"makeGanZhi","decl":{"start":{"line":7,"column":7},"end":{"line":9,"column":1}},"loc":{"start":{"line":7,"column":7},"end":{"line":9,"column":1}},"line":7},"2":{"name":"ganzhiByCycleIndex","decl":{"start":{"line":12,"column":7},"end":{"line":17,"column":1}},"loc":{"start":{"line":12,"column":7},"end":{"line":17,"column":1}},"line":12},"3":{"name":"ganzhiCycleIndex","decl":{"start":{"line":20,"column":7},"end":{"line":31,"column":1}},"loc":{"start":{"line":20,"column":7},"end":{"line":31,"column":1}},"line":20},"4":{"name":"parseGanZhi","decl":{"start":{"line":34,"column":7},"end":{"line":40,"column":1}},"loc":{"start":{"line":34,"column":7},"end":{"line":40,"column":1}},"line":34},"5":{"name":"allSixtyGanZhi","decl":{"start":{"line":43,"column":7},"end":{"line":45,"column":1}},"loc":{"start":{"line":43,"column":7},"end":{"line":45,"column":1}},"line":43}},"f":{"0":1,"1":128,"2":126,"3":124,"4":5,"5":2}}
,"/Users/4n6h4x0r/src/stembranch/src/qi-strength.ts": {"path":"/Users/4n6h4x0r/src/stembranch/src/qi-strength.ts","all":false,"statementMap":{"2":{"start":{"line":3,"column":0},"end":{"line":3,"column":40}},"3":{"start":{"line":4,"column":0},"end":{"line":4,"column":49}},"6":{"start":{"line":7,"column":0},"end":{"line":7,"column":52}},"7":{"start":{"line":8,"column":0},"end":{"line":8,"column":56}},"8":{"start":{"line":9,"column":0},"end":{"line":9,"column":2}},"19":{"start":{"line":20,"column":0},"end":{"line":20,"column":105}},"20":{"start":{"line":21,"column":0},"end":{"line":21,"column":50}},"21":{"start":{"line":22,"column":0},"end":{"line":22,"column":63}},"23":{"start":{"line":24,"column":0},"end":{"line":24,"column":24}},"24":{"start":{"line":25,"column":0},"end":{"line":25,"column":44}},"25":{"start":{"line":26,"column":0},"end":{"line":26,"column":62}},"26":{"start":{"line":27,"column":0},"end":{"line":27,"column":62}},"27":{"start":{"line":28,"column":0},"end":{"line":28,"column":59}},"28":{"start":{"line":29,"column":0},"end":{"line":29,"column":19}},"30":{"start":{"line":31,"column":0},"end":{"line":31,"column":41}},"31":{"start":{"line":32,"column":0},"end":{"line":32,"column":1}}},"s":{"2":1,"3":1,"6":1,"7":1,"8":1,"19":1,"20":6,"21":6,"23":5,"24":6,"25":4,"26":3,"27":2,"28":1,"30":5,"31":5},"branchMap":{"0":{"type":"branch","line":1,"loc":{"start":{"line":1,"column":0},"end":{"line":1,"column":20}},"locations":[{"start":{"line":1,"column":0},"end":{"line":1,"column":20}}]},"1":{"type":"branch","line":1,"loc":{"start":{"line":1,"column":0},"end":{"line":1,"column":20}},"locations":[{"start":{"line":1,"column":0},"end":{"line":1,"column":20}}]},"2":{"type":"branch","line":20,"loc":{"start":{"line":20,"column":7},"end":{"line":32,"column":1}},"locations":[{"start":{"line":20,"column":7},"end":{"line":32,"column":1}}]},"3":{"type":"branch","line":22,"loc":{"start":{"line":22,"column":21},"end":{"line":22,"column":63}},"locations":[{"start":{"line":22,"column":21},"end":{"line":22,"column":63}}]},"4":{"type":"branch","line":22,"loc":{"start":{"line":22,"column":61},"end":{"line":25,"column":40}},"locations":[{"start":{"line":22,"column":61},"end":{"line":25,"column":40}}]},"5":{"type":"branch","line":25,"loc":{"start":{"line":25,"column":32},"end":{"line":25,"column":44}},"locations":[{"start":{"line":25,"column":32},"end":{"line":25,"column":44}}]},"6":{"type":"branch","line":25,"loc":{"start":{"line":25,"column":40},"end":{"line":29,"column":19}},"locations":[{"start":{"line":25,"column":40},"end":{"line":29,"column":19}}]},"7":{"type":"branch","line":26,"loc":{"start":{"line":26,"column":50},"end":{"line":26,"column":62}},"locations":[{"start":{"line":26,"column":50},"end":{"line":26,"column":62}}]},"8":{"type":"branch","line":26,"loc":{"start":{"line":26,"column":58},"end":{"line":29,"column":19}},"locations":[{"start":{"line":26,"column":58},"end":{"line":29,"column":19}}]},"9":{"type":"branch","line":27,"loc":{"start":{"line":27,"column":50},"end":{"line":27,"column":62}},"locations":[{"start":{"line":27,"column":50},"end":{"line":27,"column":62}}]},"10":{"type":"branch","line":27,"loc":{"start":{"line":27,"column":58},"end":{"line":29,"column":19}},"locations":[{"start":{"line":27,"column":58},"end":{"line":29,"column":19}}]},"11":{"type":"branch","line":28,"loc":{"start":{"line":28,"column":47},"end":{"line":29,"column":19}},"locations":[{"start":{"line":28,"column":47},"end":{"line":29,"column":19}}]},"12":{"type":"branch","line":29,"loc":{"start":{"line":29,"column":15},"end":{"line":32,"column":1}},"locations":[{"start":{"line":29,"column":15},"end":{"line":32,"column":1}}]}},"b":{"0":[1],"1":[1],"2":[6],"3":[1],"4":[5],"5":[1],"6":[4],"7":[1],"8":[3],"9":[1],"10":[2],"11":[1],"12":[5]},"fnMap":{"0":{"name":"get","decl":{"start":{"line":1,"column":0},"end":{"line":1,"column":20}},"loc":{"start":{"line":1,"column":0},"end":{"line":1,"column":20}},"line":1},"1":{"name":"getQiStrength","decl":{"start":{"line":20,"column":7},"end":{"line":32,"column":1}},"loc":{"start":{"line":20,"column":7},"end":{"line":32,"column":1}},"line":20}},"f":{"0":1,"1":6}}
,"/Users/4n6h4x0r/src/stembranch/src/solar-terms.ts": {"path":"/Users/4n6h4x0r/src/stembranch/src/solar-terms.ts","all":false,"statementMap":{"9":{"start":{"line":10,"column":0},"end":{"line":10,"column":52}},"10":{"start":{"line":11,"column":0},"end":{"line":11,"column":37}},"11":{"start":{"line":12,"column":0},"end":{"line":12,"column":37}},"12":{"start":{"line":13,"column":0},"end":{"line":13,"column":37}},"13":{"start":{"line":14,"column":0},"end":{"line":14,"column":37}},"14":{"start":{"line":15,"column":0},"end":{"line":15,"column":2}},"17":{"start":{"line":18,"column":0},"end":{"line":18,"column":57}},"18":{"start":{"line":19,"column":0},"end":{"line":19,"column":29}},"19":{"start":{"line":20,"column":0},"end":{"line":20,"column":25}},"20":{"start":{"line":21,"column":0},"end":{"line":21,"column":31}},"21":{"start":{"line":22,"column":0},"end":{"line":22,"column":31}},"22":{"start":{"line":23,"column":0},"end":{"line":23,"column":2}},"30":{"start":{"line":31,"column":0},"end":{"line":31,"column":80}},"32":{"start":{"line":33,"column":0},"end":{"line":33,"column":47}},"33":{"start":{"line":34,"column":0},"end":{"line":34,"column":17}},"34":{"start":{"line":35,"column":0},"end":{"line":35,"column":1}},"45":{"start":{"line":46,"column":0},"end":{"line":46,"column":106}},"46":{"start":{"line":47,"column":0},"end":{"line":47,"column":64}},"47":{"start":{"line":48,"column":0},"end":{"line":48,"column":69}},"48":{"start":{"line":49,"column":0},"end":{"line":49,"column":16}},"49":{"start":{"line":50,"column":0},"end":{"line":50,"column":90}},"50":{"start":{"line":51,"column":0},"end":{"line":51,"column":3}},"51":{"start":{"line":52,"column":0},"end":{"line":52,"column":33}},"52":{"start":{"line":53,"column":0},"end":{"line":53,"column":1}},"58":{"start":{"line":59,"column":0},"end":{"line":59,"column":65}},"59":{"start":{"line":60,"column":0},"end":{"line":60,"column":32}},"61":{"start":{"line":62,"column":0},"end":{"line":62,"column":32}},"62":{"start":{"line":63,"column":0},"end":{"line":63,"column":47}},"63":{"start":{"line":64,"column":0},"end":{"line":64,"column":37}},"66":{"start":{"line":67,"column":0},"end":{"line":67,"column":57}},"67":{"start":{"line":68,"column":0},"end":{"line":68,"column":66}},"68":{"start":{"line":69,"column":0},"end":{"line":69,"column":42}},"69":{"start":{"line":70,"column":0},"end":{"line":70,"column":3}},"71":{"start":{"line":72,"column":0},"end":{"line":72,"column":15}},"72":{"start":{"line":73,"column":0},"end":{"line":73,"column":1}},"79":{"start":{"line":80,"column":0},"end":{"line":80,"column":48}},"80":{"start":{"line":81,"column":0},"end":{"line":81,"column":43}},"81":{"start":{"line":82,"column":0},"end":{"line":82,"column":1}},"87":{"start":{"line":88,"column":0},"end":{"line":88,"column":63}},"88":{"start":{"line":89,"column":0},"end":{"line":89,"column":41}},"89":{"start":{"line":90,"column":0},"end":{"line":90,"column":38}},"90":{"start":{"line":91,"column":0},"end":{"line":91,"column":1}},"98":{"start":{"line":99,"column":0},"end":{"line":99,"column":95}},"99":{"start":{"line":100,"column":0},"end":{"line":100,"column":34}},"102":{"start":{"line":103,"column":0},"end":{"line":103,"column":44}},"103":{"start":{"line":104,"column":0},"end":{"line":104,"column":52}},"106":{"start":{"line":107,"column":0},"end":{"line":107,"column":33}},"107":{"start":{"line":108,"column":0},"end":{"line":108,"column":35}},"109":{"start":{"line":110,"column":0},"end":{"line":110,"column":56}},"110":{"start":{"line":111,"column":0},"end":{"line":111,"column":5}},"111":{"start":{"line":112,"column":0},"end":{"line":112,"column":3}},"116":{"start":{"line":117,"column":0},"end":{"line":117,"column":38}},"117":{"start":{"line":118,"column":0},"end":{"line":118,"column":55}}},"s":{"9":1,"10":1,"11":1,"12":1,"13":1,"14":1,"17":1,"18":1,"19":1,"20":1,"21":1,"22":1,"30":1,"32":1059,"33":1059,"34":1059,"45":1,"46":1060,"47":1060,"48":1060,"49":1,"50":1,"51":1059,"52":1059,"58":1,"59":43,"61":43,"62":1032,"63":1032,"66":1032,"67":1032,"68":1032,"69":1032,"71":43,"72":43,"79":1,"80":25,"81":25,"87":1,"88":41,"89":41,"90":41,"98":1,"99":20,"102":20,"103":20,"106":20,"107":179,"109":14,"110":14,"111":179,"116":6,"117":6},"branchMap":{"0":{"type":"branch","line":1,"loc":{"start":{"line":1,"column":0},"end":{"line":1,"column":22}},"locations":[{"start":{"line":1,"column":0},"end":{"line":1,"column":22}}]},"1":{"type":"branch","line":1,"loc":{"start":{"line":1,"column":0},"end":{"line":1,"column":22}},"locations":[{"start":{"line":1,"column":0},"end":{"line":1,"column":22}}]},"2":{"type":"branch","line":33,"loc":{"start":{"line":33,"column":0},"end":{"line":35,"column":1}},"locations":[{"start":{"line":33,"column":0},"end":{"line":35,"column":1}}]},"3":{"type":"branch","line":46,"loc":{"start":{"line":46,"column":7},"end":{"line":53,"column":1}},"locations":[{"start":{"line":46,"column":7},"end":{"line":53,"column":1}}]},"4":{"type":"branch","line":49,"loc":{"start":{"line":49,"column":15},"end":{"line":51,"column":3}},"locations":[{"start":{"line":49,"column":15},"end":{"line":51,"column":3}}]},"5":{"type":"branch","line":51,"loc":{"start":{"line":51,"column":2},"end":{"line":53,"column":1}},"locations":[{"start":{"line":51,"column":2},"end":{"line":53,"column":1}}]},"6":{"type":"branch","line":59,"loc":{"start":{"line":59,"column":7},"end":{"line":73,"column":1}},"locations":[{"start":{"line":59,"column":7},"end":{"line":73,"column":1}}]},"7":{"type":"branch","line":62,"loc":{"start":{"line":62,"column":31},"end":{"line":70,"column":3}},"locations":[{"start":{"line":62,"column":31},"end":{"line":70,"column":3}}]},"8":{"type":"branch","line":67,"loc":{"start":{"line":67,"column":27},"end":{"line":67,"column":35}},"locations":[{"start":{"line":67,"column":27},"end":{"line":67,"column":35}}]},"9":{"type":"branch","line":67,"loc":{"start":{"line":67,"column":31},"end":{"line":67,"column":57}},"locations":[{"start":{"line":67,"column":31},"end":{"line":67,"column":57}}]},"10":{"type":"branch","line":80,"loc":{"start":{"line":80,"column":7},"end":{"line":82,"column":1}},"locations":[{"start":{"line":80,"column":7},"end":{"line":82,"column":1}}]},"11":{"type":"branch","line":88,"loc":{"start":{"line":88,"column":7},"end":{"line":91,"column":1}},"locations":[{"start":{"line":88,"column":7},"end":{"line":91,"column":1}}]},"12":{"type":"branch","line":90,"loc":{"start":{"line":90,"column":25},"end":{"line":90,"column":36}},"locations":[{"start":{"line":90,"column":25},"end":{"line":90,"column":36}}]},"13":{"type":"branch","line":99,"loc":{"start":{"line":99,"column":7},"end":{"line":124,"column":1}},"locations":[{"start":{"line":99,"column":7},"end":{"line":124,"column":1}}]},"14":{"type":"branch","line":107,"loc":{"start":{"line":107,"column":32},"end":{"line":112,"column":3}},"locations":[{"start":{"line":107,"column":32},"end":{"line":112,"column":3}}]},"15":{"type":"branch","line":108,"loc":{"start":{"line":108,"column":34},"end":{"line":111,"column":5}},"locations":[{"start":{"line":108,"column":34},"end":{"line":111,"column":5}}]},"16":{"type":"branch","line":112,"loc":{"start":{"line":112,"column":2},"end":{"line":120,"column":3}},"locations":[{"start":{"line":112,"column":2},"end":{"line":120,"column":3}}]},"17":{"type":"branch","line":120,"loc":{"start":{"line":120,"column":2},"end":{"line":124,"column":1}},"locations":[{"start":{"line":120,"column":2},"end":{"line":124,"column":1}}]}},"b":{"0":[1],"1":[1],"2":[1059],"3":[1060],"4":[1],"5":[1059],"6":[43],"7":[1032],"8":[86],"9":[946],"10":[25],"11":[41],"12":[492],"13":[20],"14":[179],"15":[14],"16":[6],"17":[1]},"fnMap":{"0":{"name":"get","decl":{"start":{"line":1,"column":0},"end":{"line":1,"column":22}},"loc":{"start":{"line":1,"column":0},"end":{"line":1,"column":22}},"line":1},"1":{"name":"astroTimeToDate","decl":{"start":{"line":33,"column":0},"end":{"line":35,"column":1}},"loc":{"start":{"line":33,"column":0},"end":{"line":35,"column":1}},"line":33},"2":{"name":"findSolarTermMoment","decl":{"start":{"line":46,"column":7},"end":{"line":53,"column":1}},"loc":{"start":{"line":46,"column":7},"end":{"line":53,"column":1}},"line":46},"3":{"name":"getSolarTermsForYear","decl":{"start":{"line":59,"column":7},"end":{"line":73,"column":1}},"loc":{"start":{"line":59,"column":7},"end":{"line":73,"column":1}},"line":59},"4":{"name":"findLichun","decl":{"start":{"line":80,"column":7},"end":{"line":82,"column":1}},"loc":{"start":{"line":80,"column":7},"end":{"line":82,"column":1}},"line":80},"5":{"name":"getJieTermsForYear","decl":{"start":{"line":88,"column":7},"end":{"line":91,"column":1}},"loc":{"start":{"line":88,"column":7},"end":{"line":91,"column":1}},"line":88},"6":{"name":"getSolarMonthExact","decl":{"start":{"line":99,"column":7},"end":{"line":124,"column":1}},"loc":{"start":{"line":99,"column":7},"end":{"line":124,"column":1}},"line":99}},"f":{"0":1,"1":1059,"2":1060,"3":43,"4":25,"5":41,"6":20}}
,"/Users/4n6h4x0r/src/stembranch/src/tiangan.ts": {"path":"/Users/4n6h4x0r/src/stembranch/src/tiangan.ts","all":false,"statementMap":{"4":{"start":{"line":5,"column":0},"end":{"line":5,"column":94}},"7":{"start":{"line":8,"column":0},"end":{"line":8,"column":57}},"8":{"start":{"line":9,"column":0},"end":{"line":9,"column":21}},"9":{"start":{"line":10,"column":0},"end":{"line":10,"column":21}},"10":{"start":{"line":11,"column":0},"end":{"line":11,"column":21}},"11":{"start":{"line":12,"column":0},"end":{"line":12,"column":21}},"12":{"start":{"line":13,"column":0},"end":{"line":13,"column":21}},"13":{"start":{"line":14,"column":0},"end":{"line":14,"column":2}},"16":{"start":{"line":17,"column":0},"end":{"line":17,"column":58}},"17":{"start":{"line":18,"column":0},"end":{"line":18,"column":53}},"18":{"start":{"line":19,"column":0},"end":{"line":19,"column":1}},"21":{"start":{"line":22,"column":0},"end":{"line":22,"column":56}},"22":{"start":{"line":23,"column":0},"end":{"line":23,"column":43}},"23":{"start":{"line":24,"column":0},"end":{"line":24,"column":1}}},"s":{"4":1,"7":1,"8":1,"9":1,"10":1,"11":1,"12":1,"13":1,"16":1,"17":10,"18":10,"21":1,"22":260,"23":260},"branchMap":{"0":{"type":"branch","line":1,"loc":{"start":{"line":1,"column":0},"end":{"line":1,"column":20}},"locations":[{"start":{"line":1,"column":0},"end":{"line":1,"column":20}}]},"1":{"type":"branch","line":1,"loc":{"start":{"line":1,"column":0},"end":{"line":1,"column":20}},"locations":[{"start":{"line":1,"column":0},"end":{"line":1,"column":20}}]},"2":{"type":"branch","line":17,"loc":{"start":{"line":17,"column":7},"end":{"line":19,"column":1}},"locations":[{"start":{"line":17,"column":7},"end":{"line":19,"column":1}}]},"3":{"type":"branch","line":18,"loc":{"start":{"line":18,"column":39},"end":{"line":18,"column":49}},"locations":[{"start":{"line":18,"column":39},"end":{"line":18,"column":49}}]},"4":{"type":"branch","line":18,"loc":{"start":{"line":18,"column":43},"end":{"line":18,"column":53}},"locations":[{"start":{"line":18,"column":43},"end":{"line":18,"column":53}}]},"5":{"type":"branch","line":22,"loc":{"start":{"line":22,"column":7},"end":{"line":24,"column":1}},"locations":[{"start":{"line":22,"column":7},"end":{"line":24,"column":1}}]}},"b":{"0":[1],"1":[1],"2":[10],"3":[5],"4":[5],"5":[260]},"fnMap":{"0":{"name":"get","decl":{"start":{"line":1,"column":0},"end":{"line":1,"column":20}},"loc":{"start":{"line":1,"column":0},"end":{"line":1,"column":20}},"line":1},"1":{"name":"tianganYinYang","decl":{"start":{"line":17,"column":7},"end":{"line":19,"column":1}},"loc":{"start":{"line":17,"column":7},"end":{"line":19,"column":1}},"line":17},"2":{"name":"tianganByIndex","decl":{"start":{"line":22,"column":7},"end":{"line":24,"column":1}},"loc":{"start":{"line":22,"column":7},"end":{"line":24,"column":1}},"line":22}},"f":{"0":1,"1":10,"2":260}}
,"/Users/4n6h4x0r/src/stembranch/src/true-solar-time.ts": {"path":"/Users/4n6h4x0r/src/stembranch/src/true-solar-time.ts","all":false,"statementMap":{"14":{"start":{"line":15,"column":0},"end":{"line":15,"column":52}},"15":{"start":{"line":16,"column":0},"end":{"line":16,"column":51}},"16":{"start":{"line":17,"column":0},"end":{"line":17,"column":66}},"17":{"start":{"line":18,"column":0},"end":{"line":18,"column":51}},"21":{"start":{"line":22,"column":0},"end":{"line":22,"column":76}},"22":{"start":{"line":23,"column":0},"end":{"line":23,"column":1}},"38":{"start":{"line":39,"column":0},"end":{"line":39,"column":30}},"39":{"start":{"line":40,"column":0},"end":{"line":40,"column":18}},"40":{"start":{"line":41,"column":0},"end":{"line":41,"column":20}},"41":{"start":{"line":42,"column":0},"end":{"line":42,"column":28}},"42":{"start":{"line":43,"column":0},"end":{"line":43,"column":24}},"45":{"start":{"line":46,"column":0},"end":{"line":46,"column":82}},"47":{"start":{"line":48,"column":0},"end":{"line":48,"column":40}},"48":{"start":{"line":49,"column":0},"end":{"line":49,"column":81}},"49":{"start":{"line":50,"column":0},"end":{"line":50,"column":52}},"51":{"start":{"line":52,"column":0},"end":{"line":52,"column":72}},"53":{"start":{"line":54,"column":0},"end":{"line":54,"column":10}},"54":{"start":{"line":55,"column":0},"end":{"line":55,"column":45}},"55":{"start":{"line":56,"column":0},"end":{"line":56,"column":24}},"56":{"start":{"line":57,"column":0},"end":{"line":57,"column":24}},"57":{"start":{"line":58,"column":0},"end":{"line":58,"column":20}},"58":{"start":{"line":59,"column":0},"end":{"line":59,"column":4}},"59":{"start":{"line":60,"column":0},"end":{"line":60,"column":1}}},"s":{"14":1,"15":18,"16":18,"17":18,"21":18,"22":18,"38":1,"39":4,"40":4,"41":4,"42":4,"45":4,"47":4,"48":4,"49":4,"51":4,"53":4,"54":4,"55":4,"56":4,"57":4,"58":4,"59":4},"branchMap":{"0":{"type":"branch","line":1,"loc":{"start":{"line":1,"column":0},"end":{"line":1,"column":20}},"locations":[{"start":{"line":1,"column":0},"end":{"line":1,"column":20}}]},"1":{"type":"branch","line":1,"loc":{"start":{"line":1,"column":0},"end":{"line":1,"column":20}},"locations":[{"start":{"line":1,"column":0},"end":{"line":1,"column":20}}]},"2":{"type":"branch","line":15,"loc":{"start":{"line":15,"column":7},"end":{"line":23,"column":1}},"locations":[{"start":{"line":15,"column":7},"end":{"line":23,"column":1}}]},"3":{"type":"branch","line":39,"loc":{"start":{"line":39,"column":7},"end":{"line":60,"column":1}},"locations":[{"start":{"line":39,"column":7},"end":{"line":60,"column":1}}]},"4":{"type":"branch","line":46,"loc":{"start":{"line":46,"column":19},"end":{"line":46,"column":82}},"locations":[{"start":{"line":46,"column":19},"end":{"line":46,"column":82}}]}},"b":{"0":[1],"1":[1],"2":[18],"3":[4],"4":[1]},"fnMap":{"0":{"name":"get","decl":{"start":{"line":1,"column":0},"end":{"line":1,"column":20}},"loc":{"start":{"line":1,"column":0},"end":{"line":1,"column":20}},"line":1},"1":{"name":"equationOfTime","decl":{"start":{"line":15,"column":7},"end":{"line":23,"column":1}},"loc":{"start":{"line":15,"column":7},"end":{"line":23,"column":1}},"line":15},"2":{"name":"trueSolarTime","decl":{"start":{"line":39,"column":7},"end":{"line":60,"column":1}},"loc":{"start":{"line":39,"column":7},"end":{"line":60,"column":1}},"line":39}},"f":{"0":1,"1":18,"2":4}}
,"/Users/4n6h4x0r/src/stembranch/src/western-zodiac.ts": {"path":"/Users/4n6h4x0r/src/stembranch/src/western-zodiac.ts","all":false,"statementMap":{"17":{"start":{"line":18,"column":0},"end":{"line":18,"column":36}},"18":{"start":{"line":19,"column":0},"end":{"line":19,"column":105}},"19":{"start":{"line":20,"column":0},"end":{"line":20,"column":101}},"20":{"start":{"line":21,"column":0},"end":{"line":21,"column":101}},"21":{"start":{"line":22,"column":0},"end":{"line":22,"column":99}},"22":{"start":{"line":23,"column":0},"end":{"line":23,"column":101}},"23":{"start":{"line":24,"column":0},"end":{"line":24,"column":99}},"24":{"start":{"line":25,"column":0},"end":{"line":25,"column":101}},"25":{"start":{"line":26,"column":0},"end":{"line":26,"column":97}},"26":{"start":{"line":27,"column":0},"end":{"line":27,"column":100}},"27":{"start":{"line":28,"column":0},"end":{"line":28,"column":98}},"28":{"start":{"line":29,"column":0},"end":{"line":29,"column":103}},"29":{"start":{"line":30,"column":0},"end":{"line":30,"column":106}},"30":{"start":{"line":31,"column":0},"end":{"line":31,"column":2}},"39":{"start":{"line":40,"column":0},"end":{"line":40,"column":67}},"40":{"start":{"line":41,"column":0},"end":{"line":41,"column":36}},"41":{"start":{"line":42,"column":0},"end":{"line":42,"column":29}},"42":{"start":{"line":43,"column":0},"end":{"line":43,"column":31}},"45":{"start":{"line":46,"column":0},"end":{"line":46,"column":31}},"46":{"start":{"line":47,"column":0},"end":{"line":47,"column":32}},"47":{"start":{"line":48,"column":0},"end":{"line":48,"column":3}},"50":{"start":{"line":51,"column":0},"end":{"line":51,"column":53}},"51":{"start":{"line":52,"column":0},"end":{"line":52,"column":33}},"52":{"start":{"line":53,"column":0},"end":{"line":53,"column":60}},"53":{"start":{"line":54,"column":0},"end":{"line":54,"column":24}},"54":{"start":{"line":55,"column":0},"end":{"line":55,"column":25}},"55":{"start":{"line":56,"column":0},"end":{"line":56,"column":5}},"63":{"start":{"line":64,"column":0},"end":{"line":64,"column":56}},"64":{"start":{"line":65,"column":0},"end":{"line":65,"column":10}},"65":{"start":{"line":66,"column":0},"end":{"line":66,"column":21}},"66":{"start":{"line":67,"column":0},"end":{"line":67,"column":25}},"67":{"start":{"line":68,"column":0},"end":{"line":68,"column":35}},"68":{"start":{"line":69,"column":0},"end":{"line":69,"column":27}},"69":{"start":{"line":70,"column":0},"end":{"line":70,"column":4}},"70":{"start":{"line":71,"column":0},"end":{"line":71,"column":1}}},"s":{"17":1,"18":1,"19":1,"20":1,"21":1,"22":1,"23":1,"24":1,"25":1,"26":1,"27":1,"28":1,"29":1,"30":1,"39":1,"40":29,"41":29,"42":29,"45":29,"46":5,"47":5,"50":29,"51":144,"52":144,"53":144,"54":24,"55":24,"63":29,"64":29,"65":29,"66":29,"67":29,"68":29,"69":29,"70":29},"branchMap":{"0":{"type":"branch","line":1,"loc":{"start":{"line":1,"column":0},"end":{"line":1,"column":20}},"locations":[{"start":{"line":1,"column":0},"end":{"line":1,"column":20}}]},"1":{"type":"branch","line":1,"loc":{"start":{"line":1,"column":0},"end":{"line":1,"column":20}},"locations":[{"start":{"line":1,"column":0},"end":{"line":1,"column":20}}]},"2":{"type":"branch","line":40,"loc":{"start":{"line":40,"column":7},"end":{"line":62,"column":1}},"locations":[{"start":{"line":40,"column":7},"end":{"line":62,"column":1}}]},"3":{"type":"branch","line":46,"loc":{"start":{"line":46,"column":12},"end":{"line":46,"column":30}},"locations":[{"start":{"line":46,"column":12},"end":{"line":46,"column":30}}]},"4":{"type":"branch","line":46,"loc":{"start":{"line":46,"column":30},"end":{"line":48,"column":3}},"locations":[{"start":{"line":46,"column":30},"end":{"line":48,"column":3}}]},"5":{"type":"branch","line":48,"loc":{"start":{"line":48,"column":2},"end":{"line":51,"column":52}},"locations":[{"start":{"line":48,"column":2},"end":{"line":51,"column":52}}]},"6":{"type":"branch","line":51,"loc":{"start":{"line":51,"column":52},"end":{"line":58,"column":3}},"locations":[{"start":{"line":51,"column":52},"end":{"line":58,"column":3}}]},"7":{"type":"branch","line":54,"loc":{"start":{"line":54,"column":23},"end":{"line":56,"column":5}},"locations":[{"start":{"line":54,"column":23},"end":{"line":56,"column":5}}]},"8":{"type":"branch","line":58,"loc":{"start":{"line":58,"column":2},"end":{"line":62,"column":1}},"locations":[{"start":{"line":58,"column":2},"end":{"line":62,"column":1}}]},"9":{"type":"branch","line":64,"loc":{"start":{"line":64,"column":0},"end":{"line":71,"column":1}},"locations":[{"start":{"line":64,"column":0},"end":{"line":71,"column":1}}]}},"b":{"0":[1],"1":[1],"2":[29],"3":[27],"4":[5],"5":[24],"6":[144],"7":[24],"8":[1],"9":[29]},"fnMap":{"0":{"name":"get","decl":{"start":{"line":1,"column":0},"end":{"line":1,"column":20}},"loc":{"start":{"line":1,"column":0},"end":{"line":1,"column":20}},"line":1},"1":{"name":"getWesternZodiac","decl":{"start":{"line":40,"column":7},"end":{"line":62,"column":1}},"loc":{"start":{"line":40,"column":7},"end":{"line":62,"column":1}},"line":40},"2":{"name":"pick","decl":{"start":{"line":64,"column":0},"end":{"line":71,"column":1}},"loc":{"start":{"line":64,"column":0},"end":{"line":71,"column":1}},"line":64}},"f":{"0":1,"1":29,"2":29}}
,"/Users/4n6h4x0r/src/stembranch/src/wuxing.ts": {"path":"/Users/4n6h4x0r/src/stembranch/src/wuxing.ts","all":false,"statementMap":{"4":{"start":{"line":5,"column":0},"end":{"line":5,"column":52}},"5":{"start":{"line":6,"column":0},"end":{"line":6,"column":51}},"6":{"start":{"line":7,"column":0},"end":{"line":7,"column":2}},"9":{"start":{"line":10,"column":0},"end":{"line":10,"column":49}},"10":{"start":{"line":11,"column":0},"end":{"line":11,"column":51}},"11":{"start":{"line":12,"column":0},"end":{"line":12,"column":2}},"14":{"start":{"line":15,"column":0},"end":{"line":15,"column":79}},"15":{"start":{"line":16,"column":0},"end":{"line":16,"column":31}},"16":{"start":{"line":17,"column":0},"end":{"line":17,"column":43}},"17":{"start":{"line":18,"column":0},"end":{"line":18,"column":40}},"18":{"start":{"line":19,"column":0},"end":{"line":19,"column":44}},"19":{"start":{"line":20,"column":0},"end":{"line":20,"column":14}},"20":{"start":{"line":21,"column":0},"end":{"line":21,"column":1}},"23":{"start":{"line":24,"column":0},"end":{"line":24,"column":73}}},"s":{"4":1,"5":1,"6":1,"9":1,"10":1,"11":1,"14":1,"15":13,"16":13,"17":11,"18":10,"19":2,"20":2,"23":1},"branchMap":{"0":{"type":"branch","line":1,"loc":{"start":{"line":1,"column":0},"end":{"line":1,"column":20}},"locations":[{"start":{"line":1,"column":0},"end":{"line":1,"column":20}}]},"1":{"type":"branch","line":1,"loc":{"start":{"line":1,"column":0},"end":{"line":1,"column":20}},"locations":[{"start":{"line":1,"column":0},"end":{"line":1,"column":20}}]},"2":{"type":"branch","line":15,"loc":{"start":{"line":15,"column":7},"end":{"line":21,"column":1}},"locations":[{"start":{"line":15,"column":7},"end":{"line":21,"column":1}}]},"3":{"type":"branch","line":16,"loc":{"start":{"line":16,"column":19},"end":{"line":16,"column":31}},"locations":[{"start":{"line":16,"column":19},"end":{"line":16,"column":31}}]},"4":{"type":"branch","line":16,"loc":{"start":{"line":16,"column":26},"end":{"line":17,"column":39}},"locations":[{"start":{"line":16,"column":26},"end":{"line":17,"column":39}}]},"5":{"type":"branch","line":17,"loc":{"start":{"line":17,"column":32},"end":{"line":18,"column":40}},"locations":[{"start":{"line":17,"column":32},"end":{"line":18,"column":40}}]},"6":{"type":"branch","line":17,"loc":{"start":{"line":17,"column":32},"end":{"line":17,"column":43}},"locations":[{"start":{"line":17,"column":32},"end":{"line":17,"column":43}}]},"7":{"type":"branch","line":17,"loc":{"start":{"line":17,"column":39},"end":{"line":18,"column":36}},"locations":[{"start":{"line":17,"column":39},"end":{"line":18,"column":36}}]},"8":{"type":"branch","line":18,"loc":{"start":{"line":18,"column":29},"end":{"line":18,"column":40}},"locations":[{"start":{"line":18,"column":29},"end":{"line":18,"column":40}}]},"9":{"type":"branch","line":18,"loc":{"start":{"line":18,"column":36},"end":{"line":21,"column":1}},"locations":[{"start":{"line":18,"column":36},"end":{"line":21,"column":1}}]},"10":{"type":"branch","line":18,"loc":{"start":{"line":18,"column":36},"end":{"line":19,"column":39}},"locations":[{"start":{"line":18,"column":36},"end":{"line":19,"column":39}}]},"11":{"type":"branch","line":19,"loc":{"start":{"line":19,"column":32},"end":{"line":21,"column":1}},"locations":[{"start":{"line":19,"column":32},"end":{"line":21,"column":1}}]}},"b":{"0":[1],"1":[1],"2":[13],"3":[3],"4":[10],"5":[11],"6":[3],"7":[7],"8":[3],"9":[10],"10":[4],"11":[2]},"fnMap":{"0":{"name":"get","decl":{"start":{"line":1,"column":0},"end":{"line":1,"column":20}},"loc":{"start":{"line":1,"column":0},"end":{"line":1,"column":20}},"line":1},"1":{"name":"getRelationship","decl":{"start":{"line":15,"column":7},"end":{"line":21,"column":1}},"loc":{"start":{"line":15,"column":7},"end":{"line":21,"column":1}},"line":15}},"f":{"0":1,"1":13}}
,"/Users/4n6h4x0r/src/stembranch/src/xunkong.ts": {"path":"/Users/4n6h4x0r/src/stembranch/src/xunkong.ts","all":false,"statementMap":{"2":{"start":{"line":3,"column":0},"end":{"line":3,"column":36}},"3":{"start":{"line":4,"column":0},"end":{"line":4,"column":32}},"15":{"start":{"line":16,"column":0},"end":{"line":16,"column":84}},"16":{"start":{"line":17,"column":0},"end":{"line":17,"column":37}},"17":{"start":{"line":18,"column":0},"end":{"line":18,"column":37}},"18":{"start":{"line":19,"column":0},"end":{"line":19,"column":47}},"19":{"start":{"line":20,"column":0},"end":{"line":20,"column":47}},"20":{"start":{"line":21,"column":0},"end":{"line":21,"column":47}},"21":{"start":{"line":22,"column":0},"end":{"line":22,"column":24}},"22":{"start":{"line":23,"column":0},"end":{"line":23,"column":1}}},"s":{"2":1,"3":1,"15":1,"16":8,"17":8,"18":8,"19":8,"20":8,"21":8,"22":8},"branchMap":{"0":{"type":"branch","line":1,"loc":{"start":{"line":1,"column":0},"end":{"line":1,"column":20}},"locations":[{"start":{"line":1,"column":0},"end":{"line":1,"column":20}}]},"1":{"type":"branch","line":1,"loc":{"start":{"line":1,"column":0},"end":{"line":1,"column":20}},"locations":[{"start":{"line":1,"column":0},"end":{"line":1,"column":20}}]},"2":{"type":"branch","line":16,"loc":{"start":{"line":16,"column":7},"end":{"line":23,"column":1}},"locations":[{"start":{"line":16,"column":7},"end":{"line":23,"column":1}}]}},"b":{"0":[1],"1":[1],"2":[8]},"fnMap":{"0":{"name":"get","decl":{"start":{"line":1,"column":0},"end":{"line":1,"column":20}},"loc":{"start":{"line":1,"column":0},"end":{"line":1,"column":20}},"line":1},"1":{"name":"computeXunKong","decl":{"start":{"line":16,"column":7},"end":{"line":23,"column":1}},"loc":{"start":{"line":16,"column":7},"end":{"line":23,"column":1}},"line":16}},"f":{"0":1,"1":8}}
}
